<?xml version="1.0" encoding="UTF-8"?>
<!-- Generated by org.testng.reporters.JUnitXMLReporter -->
<testsuite ignored="3" hostname="Jeevan" failures="0" tests="85" name="Test" time="665.788" errors="0" timestamp="2025-05-11T17:56:27 IST">
  <testcase classname="org.main.TS_001" name="tc_001" time="0.044"/>
  <testcase classname="org.main.TS_001" name="tc_002" time="0.1"/>
  <testcase classname="org.main.TS_002" name="tc_003" time="0.119"/>
  <testcase classname="org.main.TS_002" name="tc_004" time="0.125"/>
  <testcase classname="org.main.TS_002" name="tc_005" time="0.2"/>
  <testcase classname="org.main.TS_002" name="tc_006" time="4.966"/>
  <testcase classname="org.main.TS_002" name="tc_007" time="1.417"/>
  <testcase classname="org.main.TS_003" name="tc_008" time="0.057"/>
  <testcase classname="org.main.TS_003" name="tc_009" time="0.041"/>
  <testcase classname="org.main.TS_004" name="tc_010" time="0.16"/>
  <testcase classname="org.main.TS_004" name="tc_011" time="0.157"/>
  <testcase classname="org.main.TS_004" name="tc_012" time="0.164"/>
  <testcase classname="org.main.TS_004" name="tc_013" time="4.955"/>
  <testcase classname="org.main.TS_004" name="tc_014" time="2.329"/>
  <testcase classname="org.main.TS_005" name="tc_015" time="0.064"/>
  <testcase classname="org.main.TS_005" name="tc_016" time="0.05"/>
  <testcase classname="org.main.TS_005" name="tc_017" time="0.077"/>
  <testcase classname="org.main.TS_006" name="tc_018" time="3.071"/>
  <testcase classname="org.main.TS_006" name="tc_019" time="1.513"/>
  <testcase classname="org.main.TS_007" name="tc_020" time="0.04"/>
  <testcase classname="org.main.TS_007" name="tc_021" time="0.102"/>
  <testcase classname="org.main.TS_007" name="tc_022" time="0.039"/>
  <testcase classname="org.main.TS_009" name="tc_025" time="0.067"/>
  <testcase classname="org.main.TS_009" name="tc_026" time="0.066"/>
  <testcase classname="org.main.TS_009" name="tc_027" time="0.115"/>
  <testcase classname="org.main.TS_010" name="tc_028" time="7.167"/>
  <testcase classname="org.main.TS_010" name="tc_029" time="0.209"/>
  <testcase classname="org.main.TS_011" name="tc_030" time="0.03"/>
  <testcase classname="org.main.TS_011" name="tc_031" time="0.051"/>
  <testcase classname="org.main.TS_011" name="tc_032" time="5.474"/>
  <testcase classname="org.main.TS_012" name="tc_033" time="4.576"/>
  <testcase classname="org.main.TS_012" name="tc_034" time="0.735"/>
  <testcase classname="org.main.TS_014" name="tc_038" time="1.316"/>
  <testcase classname="org.main.TS_014" name="tc_040" time="0.369"/>
  <testcase classname="org.main.TS_014" name="tc_041" time="34.693"/>
  <testcase classname="org.main.TS_016" name="tc_045" time="3.467"/>
  <testcase classname="org.main.TS_016" name="tc_046" time="0.145"/>
  <testcase classname="org.main.TS_018" name="tc_050" time="2.151"/>
  <testcase classname="org.main.TS_018" name="tc_051" time="2.171"/>
  <testcase classname="org.main.TS_020" name="tc_059" time="1.555"/>
  <testcase classname="org.main.TS_020" name="tc_060" time="1.376"/>
  <testcase classname="org.main.TS_020" name="tc_061" time="1.436"/>
  <testcase classname="org.main.TS_022" name="tc_067" time="1.333"/>
  <testcase classname="org.main.TS_022" name="tc_068" time="1.521"/>
  <testcase classname="org.main.TS_022" name="tc_069" time="1.652"/>
  <testcase classname="org.main.TS_024" name="tc_072" time="0.026"/>
  <testcase classname="org.main.TS_024" name="tc_073" time="1.083"/>
  <testcase classname="org.main.TS_024" name="tc_074" time="0.038"/>
  <testcase classname="org.main.TS_026" name="tc_080" time="1.823"/>
  <testcase classname="org.main.TS_026" name="tc_081" time="2.936"/>
  <testcase classname="org.main.TS_028" name="tc_084" time="0.024"/>
  <testcase classname="org.main.TS_028" name="tc_085" time="1.377"/>
  <testcase classname="org.main.TS_028" name="tc_086" time="0.04"/>
  <testcase classname="org.main.TS_030" name="tc_092" time="1.823"/>
  <testcase classname="org.main.TS_030" name="tc_093" time="1.294"/>
  <testcase classname="org.main.TS_030" name="tc_094" time="1.166"/>
  <testcase classname="org.main.TS_030" name="tc_095" time="2.709"/>
  <testcase classname="org.main.TS_030" name="tc_096" time="1.438"/>
  <testcase classname="org.main.TS_030" name="tc_097" time="1.312"/>
  <testcase classname="org.main.TS_030" name="tc_098" time="1.905"/>
  <testcase classname="org.main.TS_030" name="tc_099" time="1.645"/>
  <testcase classname="org.main.TS_030" name="tc_100" time="1.546"/>
  <testcase classname="org.main.TS_032" name="tc_103" time="0.026"/>
  <testcase classname="org.main.TS_032" name="tc_104" time="3.057"/>
  <testcase classname="org.main.TS_032" name="tc_105" time="0.042"/>
  <testcase classname="org.main.TS_034" name="tc_109" time="6.824"/>
  <testcase classname="org.main.TS_034" name="tc_110" time="4.516"/>
  <testcase classname="org.main.TS_036" name="tc_114" time="3.421"/>
  <testcase classname="org.main.TS_036" name="tc_115" time="1.313"/>
  <testcase classname="org.main.TS_040" name="tc_128" time="3.328"/>
  <testcase classname="org.main.TS_040" name="tc_129" time="1.347"/>
  <testcase classname="org.main.TS_042" name="tc_133" time="3.919"/>
  <testcase classname="org.main.TS_042" name="tc_134" time="1.251"/>
  <testcase classname="org.main.TS_044" name="tc_140" time="12.992"/>
  <testcase classname="org.main.TS_044" name="tc_141" time="3.465"/>
  <testcase classname="org.main.TS_044" name="tc_142" time="12.711"/>
  <testcase classname="org.main.TS_046" name="tc_145" time="0.021"/>
  <testcase classname="org.main.TS_046" name="tc_146" time="5.257"/>
  <testcase classname="org.main.TS_046" name="tc_147" time="0.183"/>
  <testcase classname="org.main.TS_050" name="tc_160" time="1.632"/>
  <testcase classname="org.main.TS_050" name="tc_161" time="1.183"/>
  <testcase classname="org.main.TS_050" name="tc_162" time="5.158"/>
  <testcase classname="org.main.TS_050" name="tc_163" time="2.142"/>
  <testcase classname="org.main.TS_050" name="tc_164" time="4.321"/>
  <testcase classname="org.main.TS_052" name="tc_171" time="16.72"/>
  <testcase classname="org.main.TS_008" name="tc_023" time="0.0">
    <ignored/>
  </testcase> <!-- tc_023 -->
  <testcase classname="org.main.TS_008" name="tc_024" time="0.0">
    <ignored/>
  </testcase> <!-- tc_024 -->
  <testcase classname="org.main.TS_018" name="testCallUsDropdownOptions" time="0.0">
    <ignored/>
  </testcase> <!-- testCallUsDropdownOptions -->
</testsuite> <!-- Test -->
