<?xml version="1.0" encoding="UTF-8"?>
<testng-results ignored="3" total="88" passed="85" failed="0" skipped="0">
  <reporter-output>
  </reporter-output>
  <suite started-at="2025-05-11T17:45:21 IST" name="Suite" finished-at="2025-05-11T17:56:27 IST" duration-ms="665788">
    <groups>
    </groups>
    <test started-at="2025-05-11T17:45:21 IST" name="Test" finished-at="2025-05-11T17:56:27 IST" duration-ms="665788">
      <class name="org.main.TS_009">
        <test-method is-config="true" signature="moduleDetails()[pri:0, instance:org.main.TS_009@87a85e1]" started-at="2025-05-11T17:48:52 IST" name="moduleDetails" finished-at="2025-05-11T17:48:52 IST" duration-ms="0" status="PASS">
          <reporter-output>
          </reporter-output>
        </test-method> <!-- moduleDetails -->
        <test-method is-config="true" signature="BeforeMethod()[pri:0, instance:org.main.TS_009@87a85e1]" started-at="2025-05-11T17:48:52 IST" name="BeforeMethod" finished-at="2025-05-11T17:49:00 IST" duration-ms="8294" status="PASS">
          <reporter-output>
          </reporter-output>
        </test-method> <!-- BeforeMethod -->
        <test-method signature="tc_025()[pri:0, instance:org.main.TS_009@87a85e1]" started-at="2025-05-11T17:49:00 IST" name="tc_025" finished-at="2025-05-11T17:49:00 IST" duration-ms="67" status="PASS">
          <reporter-output>
          </reporter-output>
        </test-method> <!-- tc_025 -->
        <test-method is-config="true" signature="Aftermethod()[pri:0, instance:org.main.TS_009@87a85e1]" started-at="2025-05-11T17:49:00 IST" name="Aftermethod" finished-at="2025-05-11T17:49:00 IST" duration-ms="332" status="PASS">
          <reporter-output>
          </reporter-output>
        </test-method> <!-- Aftermethod -->
        <test-method is-config="true" signature="BeforeMethod()[pri:0, instance:org.main.TS_009@87a85e1]" started-at="2025-05-11T17:49:00 IST" name="BeforeMethod" finished-at="2025-05-11T17:49:08 IST" duration-ms="8017" status="PASS">
          <reporter-output>
          </reporter-output>
        </test-method> <!-- BeforeMethod -->
        <test-method signature="tc_026()[pri:0, instance:org.main.TS_009@87a85e1]" started-at="2025-05-11T17:49:08 IST" name="tc_026" finished-at="2025-05-11T17:49:09 IST" duration-ms="66" status="PASS">
          <reporter-output>
          </reporter-output>
        </test-method> <!-- tc_026 -->
        <test-method is-config="true" signature="Aftermethod()[pri:0, instance:org.main.TS_009@87a85e1]" started-at="2025-05-11T17:49:09 IST" name="Aftermethod" finished-at="2025-05-11T17:49:09 IST" duration-ms="316" status="PASS">
          <reporter-output>
          </reporter-output>
        </test-method> <!-- Aftermethod -->
        <test-method is-config="true" signature="BeforeMethod()[pri:0, instance:org.main.TS_009@87a85e1]" started-at="2025-05-11T17:49:09 IST" name="BeforeMethod" finished-at="2025-05-11T17:49:17 IST" duration-ms="7922" status="PASS">
          <reporter-output>
          </reporter-output>
        </test-method> <!-- BeforeMethod -->
        <test-method signature="tc_027()[pri:0, instance:org.main.TS_009@87a85e1]" started-at="2025-05-11T17:49:17 IST" name="tc_027" finished-at="2025-05-11T17:49:17 IST" duration-ms="115" status="PASS">
          <reporter-output>
          </reporter-output>
        </test-method> <!-- tc_027 -->
        <test-method is-config="true" signature="Aftermethod()[pri:0, instance:org.main.TS_009@87a85e1]" started-at="2025-05-11T17:49:17 IST" name="Aftermethod" finished-at="2025-05-11T17:49:17 IST" duration-ms="309" status="PASS">
          <reporter-output>
          </reporter-output>
        </test-method> <!-- Aftermethod -->
      </class> <!-- org.main.TS_009 -->
      <class name="org.main.TS_005">
        <test-method is-config="true" signature="moduleDetails()[pri:0, instance:org.main.TS_005@dd0c991]" started-at="2025-05-11T17:47:38 IST" name="moduleDetails" finished-at="2025-05-11T17:47:38 IST" duration-ms="1" status="PASS">
          <reporter-output>
          </reporter-output>
        </test-method> <!-- moduleDetails -->
        <test-method is-config="true" signature="BeforeMethod()[pri:0, instance:org.main.TS_005@dd0c991]" started-at="2025-05-11T17:47:38 IST" name="BeforeMethod" finished-at="2025-05-11T17:47:47 IST" duration-ms="9183" status="PASS">
          <reporter-output>
          </reporter-output>
        </test-method> <!-- BeforeMethod -->
        <test-method signature="tc_015()[pri:0, instance:org.main.TS_005@dd0c991]" started-at="2025-05-11T17:47:47 IST" name="tc_015" finished-at="2025-05-11T17:47:47 IST" duration-ms="64" status="PASS">
          <reporter-output>
          </reporter-output>
        </test-method> <!-- tc_015 -->
        <test-method is-config="true" signature="Aftermethod()[pri:0, instance:org.main.TS_005@dd0c991]" started-at="2025-05-11T17:47:47 IST" name="Aftermethod" finished-at="2025-05-11T17:47:47 IST" duration-ms="285" status="PASS">
          <reporter-output>
          </reporter-output>
        </test-method> <!-- Aftermethod -->
        <test-method is-config="true" signature="BeforeMethod()[pri:0, instance:org.main.TS_005@dd0c991]" started-at="2025-05-11T17:47:47 IST" name="BeforeMethod" finished-at="2025-05-11T17:47:55 IST" duration-ms="7506" status="PASS">
          <reporter-output>
          </reporter-output>
        </test-method> <!-- BeforeMethod -->
        <test-method signature="tc_016()[pri:0, instance:org.main.TS_005@dd0c991]" started-at="2025-05-11T17:47:55 IST" name="tc_016" finished-at="2025-05-11T17:47:55 IST" duration-ms="50" status="PASS">
          <reporter-output>
          </reporter-output>
        </test-method> <!-- tc_016 -->
        <test-method is-config="true" signature="Aftermethod()[pri:0, instance:org.main.TS_005@dd0c991]" started-at="2025-05-11T17:47:55 IST" name="Aftermethod" finished-at="2025-05-11T17:47:55 IST" duration-ms="447" status="PASS">
          <reporter-output>
          </reporter-output>
        </test-method> <!-- Aftermethod -->
        <test-method is-config="true" signature="BeforeMethod()[pri:0, instance:org.main.TS_005@dd0c991]" started-at="2025-05-11T17:47:55 IST" name="BeforeMethod" finished-at="2025-05-11T17:48:03 IST" duration-ms="7951" status="PASS">
          <reporter-output>
          </reporter-output>
        </test-method> <!-- BeforeMethod -->
        <test-method signature="tc_017()[pri:0, instance:org.main.TS_005@dd0c991]" started-at="2025-05-11T17:48:03 IST" name="tc_017" finished-at="2025-05-11T17:48:03 IST" duration-ms="77" status="PASS">
          <reporter-output>
          </reporter-output>
        </test-method> <!-- tc_017 -->
        <test-method is-config="true" signature="Aftermethod()[pri:0, instance:org.main.TS_005@dd0c991]" started-at="2025-05-11T17:48:03 IST" name="Aftermethod" finished-at="2025-05-11T17:48:03 IST" duration-ms="302" status="PASS">
          <reporter-output>
          </reporter-output>
        </test-method> <!-- Aftermethod -->
      </class> <!-- org.main.TS_005 -->
      <class name="org.main.TS_028">
        <test-method is-config="true" signature="BeforeMethod()[pri:0, instance:org.main.TS_028@53aad5d5]" started-at="2025-05-11T17:52:20 IST" name="BeforeMethod" finished-at="2025-05-11T17:52:23 IST" duration-ms="3376" status="PASS">
          <reporter-output>
          </reporter-output>
        </test-method> <!-- BeforeMethod -->
        <test-method is-config="true" signature="moduleDetails()[pri:0, instance:org.main.TS_028@53aad5d5]" started-at="2025-05-11T17:52:20 IST" name="moduleDetails" finished-at="2025-05-11T17:52:20 IST" duration-ms="0" status="PASS">
          <reporter-output>
          </reporter-output>
        </test-method> <!-- moduleDetails -->
        <test-method signature="tc_084()[pri:1, instance:org.main.TS_028@53aad5d5]" started-at="2025-05-11T17:52:23 IST" name="tc_084" finished-at="2025-05-11T17:52:23 IST" duration-ms="24" status="PASS">
          <reporter-output>
          </reporter-output>
        </test-method> <!-- tc_084 -->
        <test-method is-config="true" signature="Aftermethod()[pri:0, instance:org.main.TS_028@53aad5d5]" started-at="2025-05-11T17:52:23 IST" name="Aftermethod" finished-at="2025-05-11T17:52:24 IST" duration-ms="294" status="PASS">
          <reporter-output>
          </reporter-output>
        </test-method> <!-- Aftermethod -->
        <test-method is-config="true" signature="BeforeMethod()[pri:0, instance:org.main.TS_028@53aad5d5]" started-at="2025-05-11T17:52:24 IST" name="BeforeMethod" finished-at="2025-05-11T17:52:28 IST" duration-ms="4562" status="PASS">
          <reporter-output>
          </reporter-output>
        </test-method> <!-- BeforeMethod -->
        <test-method signature="tc_085()[pri:2, instance:org.main.TS_028@53aad5d5]" started-at="2025-05-11T17:52:28 IST" name="tc_085" finished-at="2025-05-11T17:52:30 IST" duration-ms="1377" status="PASS">
          <reporter-output>
          </reporter-output>
        </test-method> <!-- tc_085 -->
        <test-method is-config="true" signature="Aftermethod()[pri:0, instance:org.main.TS_028@53aad5d5]" started-at="2025-05-11T17:52:30 IST" name="Aftermethod" finished-at="2025-05-11T17:52:30 IST" duration-ms="282" status="PASS">
          <reporter-output>
          </reporter-output>
        </test-method> <!-- Aftermethod -->
        <test-method is-config="true" signature="BeforeMethod()[pri:0, instance:org.main.TS_028@53aad5d5]" started-at="2025-05-11T17:52:30 IST" name="BeforeMethod" finished-at="2025-05-11T17:52:33 IST" duration-ms="3338" status="PASS">
          <reporter-output>
          </reporter-output>
        </test-method> <!-- BeforeMethod -->
        <test-method signature="tc_086()[pri:3, instance:org.main.TS_028@53aad5d5]" started-at="2025-05-11T17:52:33 IST" name="tc_086" finished-at="2025-05-11T17:52:33 IST" duration-ms="40" status="PASS">
          <reporter-output>
          </reporter-output>
        </test-method> <!-- tc_086 -->
        <test-method is-config="true" signature="Aftermethod()[pri:0, instance:org.main.TS_028@53aad5d5]" started-at="2025-05-11T17:52:33 IST" name="Aftermethod" finished-at="2025-05-11T17:52:33 IST" duration-ms="287" status="PASS">
          <reporter-output>
          </reporter-output>
        </test-method> <!-- Aftermethod -->
      </class> <!-- org.main.TS_028 -->
      <class name="org.main.TS_006">
        <test-method is-config="true" signature="BeforeMethod()[pri:0, instance:org.main.TS_006@5f16132a]" started-at="2025-05-11T17:48:03 IST" name="BeforeMethod" finished-at="2025-05-11T17:48:11 IST" duration-ms="7393" status="PASS">
          <reporter-output>
          </reporter-output>
        </test-method> <!-- BeforeMethod -->
        <test-method is-config="true" signature="moduleDetails()[pri:0, instance:org.main.TS_006@5f16132a]" started-at="2025-05-11T17:48:03 IST" name="moduleDetails" finished-at="2025-05-11T17:48:03 IST" duration-ms="0" status="PASS">
          <reporter-output>
          </reporter-output>
        </test-method> <!-- moduleDetails -->
        <test-method signature="tc_018()[pri:0, instance:org.main.TS_006@5f16132a]" started-at="2025-05-11T17:48:11 IST" name="tc_018" finished-at="2025-05-11T17:48:14 IST" duration-ms="3071" status="PASS">
          <reporter-output>
          </reporter-output>
        </test-method> <!-- tc_018 -->
        <test-method is-config="true" signature="Aftermethod()[pri:0, instance:org.main.TS_006@5f16132a]" started-at="2025-05-11T17:48:14 IST" name="Aftermethod" finished-at="2025-05-11T17:48:14 IST" duration-ms="320" status="PASS">
          <reporter-output>
          </reporter-output>
        </test-method> <!-- Aftermethod -->
        <test-method is-config="true" signature="BeforeMethod()[pri:0, instance:org.main.TS_006@5f16132a]" started-at="2025-05-11T17:48:14 IST" name="BeforeMethod" finished-at="2025-05-11T17:48:22 IST" duration-ms="8306" status="PASS">
          <reporter-output>
          </reporter-output>
        </test-method> <!-- BeforeMethod -->
        <test-method signature="tc_019()[pri:0, instance:org.main.TS_006@5f16132a]" started-at="2025-05-11T17:48:22 IST" name="tc_019" finished-at="2025-05-11T17:48:24 IST" duration-ms="1513" status="PASS">
          <reporter-output>
          </reporter-output>
        </test-method> <!-- tc_019 -->
        <test-method is-config="true" signature="Aftermethod()[pri:0, instance:org.main.TS_006@5f16132a]" started-at="2025-05-11T17:48:24 IST" name="Aftermethod" finished-at="2025-05-11T17:48:24 IST" duration-ms="308" status="PASS">
          <reporter-output>
          </reporter-output>
        </test-method> <!-- Aftermethod -->
      </class> <!-- org.main.TS_006 -->
      <class name="org.main.TS_007">
        <test-method is-config="true" signature="BeforeMethod()[pri:0, instance:org.main.TS_007@69fb6037]" started-at="2025-05-11T17:48:24 IST" name="BeforeMethod" finished-at="2025-05-11T17:48:33 IST" duration-ms="8546" status="PASS">
          <reporter-output>
          </reporter-output>
        </test-method> <!-- BeforeMethod -->
        <test-method is-config="true" signature="moduleDetails()[pri:0, instance:org.main.TS_007@69fb6037]" started-at="2025-05-11T17:48:24 IST" name="moduleDetails" finished-at="2025-05-11T17:48:24 IST" duration-ms="0" status="PASS">
          <reporter-output>
          </reporter-output>
        </test-method> <!-- moduleDetails -->
        <test-method signature="tc_020()[pri:0, instance:org.main.TS_007@69fb6037]" started-at="2025-05-11T17:48:33 IST" name="tc_020" finished-at="2025-05-11T17:48:33 IST" duration-ms="40" status="PASS">
          <reporter-output>
          </reporter-output>
        </test-method> <!-- tc_020 -->
        <test-method is-config="true" signature="Aftermethod()[pri:0, instance:org.main.TS_007@69fb6037]" started-at="2025-05-11T17:48:33 IST" name="Aftermethod" finished-at="2025-05-11T17:48:33 IST" duration-ms="327" status="PASS">
          <reporter-output>
          </reporter-output>
        </test-method> <!-- Aftermethod -->
        <test-method is-config="true" signature="BeforeMethod()[pri:0, instance:org.main.TS_007@69fb6037]" started-at="2025-05-11T17:48:33 IST" name="BeforeMethod" finished-at="2025-05-11T17:48:43 IST" duration-ms="9436" status="PASS">
          <reporter-output>
          </reporter-output>
        </test-method> <!-- BeforeMethod -->
        <test-method signature="tc_021()[pri:0, instance:org.main.TS_007@69fb6037]" started-at="2025-05-11T17:48:43 IST" name="tc_021" finished-at="2025-05-11T17:48:43 IST" duration-ms="102" status="PASS">
          <reporter-output>
          </reporter-output>
        </test-method> <!-- tc_021 -->
        <test-method is-config="true" signature="Aftermethod()[pri:0, instance:org.main.TS_007@69fb6037]" started-at="2025-05-11T17:48:43 IST" name="Aftermethod" finished-at="2025-05-11T17:48:43 IST" duration-ms="529" status="PASS">
          <reporter-output>
          </reporter-output>
        </test-method> <!-- Aftermethod -->
        <test-method is-config="true" signature="BeforeMethod()[pri:0, instance:org.main.TS_007@69fb6037]" started-at="2025-05-11T17:48:43 IST" name="BeforeMethod" finished-at="2025-05-11T17:48:51 IST" duration-ms="8117" status="PASS">
          <reporter-output>
          </reporter-output>
        </test-method> <!-- BeforeMethod -->
        <test-method signature="tc_022()[pri:0, instance:org.main.TS_007@69fb6037]" started-at="2025-05-11T17:48:51 IST" name="tc_022" finished-at="2025-05-11T17:48:51 IST" duration-ms="39" status="PASS">
          <reporter-output>
          </reporter-output>
        </test-method> <!-- tc_022 -->
        <test-method is-config="true" signature="Aftermethod()[pri:0, instance:org.main.TS_007@69fb6037]" started-at="2025-05-11T17:48:51 IST" name="Aftermethod" finished-at="2025-05-11T17:48:52 IST" duration-ms="316" status="PASS">
          <reporter-output>
          </reporter-output>
        </test-method> <!-- Aftermethod -->
      </class> <!-- org.main.TS_007 -->
      <class name="org.main.TS_050">
        <test-method is-config="true" signature="moduleDetails()[pri:0, instance:org.main.TS_050@44a7bfbc]" started-at="2025-05-11T17:55:33 IST" name="moduleDetails" finished-at="2025-05-11T17:55:33 IST" duration-ms="0" status="PASS">
          <reporter-output>
          </reporter-output>
        </test-method> <!-- moduleDetails -->
        <test-method is-config="true" signature="BeforeMethod()[pri:0, instance:org.main.TS_050@44a7bfbc]" started-at="2025-05-11T17:55:33 IST" name="BeforeMethod" finished-at="2025-05-11T17:55:36 IST" duration-ms="3243" status="PASS">
          <reporter-output>
          </reporter-output>
        </test-method> <!-- BeforeMethod -->
        <test-method signature="tc_160()[pri:0, instance:org.main.TS_050@44a7bfbc]" started-at="2025-05-11T17:55:36 IST" name="tc_160" finished-at="2025-05-11T17:55:38 IST" duration-ms="1632" status="PASS">
          <reporter-output>
          </reporter-output>
        </test-method> <!-- tc_160 -->
        <test-method is-config="true" signature="Aftermethod()[pri:0, instance:org.main.TS_050@44a7bfbc]" started-at="2025-05-11T17:55:38 IST" name="Aftermethod" finished-at="2025-05-11T17:55:38 IST" duration-ms="359" status="PASS">
          <reporter-output>
          </reporter-output>
        </test-method> <!-- Aftermethod -->
        <test-method is-config="true" signature="BeforeMethod()[pri:0, instance:org.main.TS_050@44a7bfbc]" started-at="2025-05-11T17:55:38 IST" name="BeforeMethod" finished-at="2025-05-11T17:55:42 IST" duration-ms="3439" status="PASS">
          <reporter-output>
          </reporter-output>
        </test-method> <!-- BeforeMethod -->
        <test-method signature="tc_161()[pri:0, instance:org.main.TS_050@44a7bfbc]" started-at="2025-05-11T17:55:42 IST" name="tc_161" finished-at="2025-05-11T17:55:43 IST" duration-ms="1183" status="PASS">
          <reporter-output>
          </reporter-output>
        </test-method> <!-- tc_161 -->
        <test-method is-config="true" signature="Aftermethod()[pri:0, instance:org.main.TS_050@44a7bfbc]" started-at="2025-05-11T17:55:43 IST" name="Aftermethod" finished-at="2025-05-11T17:55:43 IST" duration-ms="320" status="PASS">
          <reporter-output>
          </reporter-output>
        </test-method> <!-- Aftermethod -->
        <test-method is-config="true" signature="BeforeMethod()[pri:0, instance:org.main.TS_050@44a7bfbc]" started-at="2025-05-11T17:55:43 IST" name="BeforeMethod" finished-at="2025-05-11T17:55:47 IST" duration-ms="3593" status="PASS">
          <reporter-output>
          </reporter-output>
        </test-method> <!-- BeforeMethod -->
        <test-method signature="tc_162()[pri:0, instance:org.main.TS_050@44a7bfbc]" started-at="2025-05-11T17:55:47 IST" name="tc_162" finished-at="2025-05-11T17:55:52 IST" duration-ms="5158" status="PASS">
          <reporter-output>
          </reporter-output>
        </test-method> <!-- tc_162 -->
        <test-method is-config="true" signature="Aftermethod()[pri:0, instance:org.main.TS_050@44a7bfbc]" started-at="2025-05-11T17:55:52 IST" name="Aftermethod" finished-at="2025-05-11T17:55:52 IST" duration-ms="340" status="PASS">
          <reporter-output>
          </reporter-output>
        </test-method> <!-- Aftermethod -->
        <test-method is-config="true" signature="BeforeMethod()[pri:0, instance:org.main.TS_050@44a7bfbc]" started-at="2025-05-11T17:55:52 IST" name="BeforeMethod" finished-at="2025-05-11T17:55:56 IST" duration-ms="3287" status="PASS">
          <reporter-output>
          </reporter-output>
        </test-method> <!-- BeforeMethod -->
        <test-method signature="tc_163()[pri:0, instance:org.main.TS_050@44a7bfbc]" started-at="2025-05-11T17:55:56 IST" name="tc_163" finished-at="2025-05-11T17:55:58 IST" duration-ms="2142" status="PASS">
          <reporter-output>
          </reporter-output>
        </test-method> <!-- tc_163 -->
        <test-method is-config="true" signature="Aftermethod()[pri:0, instance:org.main.TS_050@44a7bfbc]" started-at="2025-05-11T17:55:58 IST" name="Aftermethod" finished-at="2025-05-11T17:55:58 IST" duration-ms="321" status="PASS">
          <reporter-output>
          </reporter-output>
        </test-method> <!-- Aftermethod -->
        <test-method is-config="true" signature="BeforeMethod()[pri:0, instance:org.main.TS_050@44a7bfbc]" started-at="2025-05-11T17:55:58 IST" name="BeforeMethod" finished-at="2025-05-11T17:56:01 IST" duration-ms="3322" status="PASS">
          <reporter-output>
          </reporter-output>
        </test-method> <!-- BeforeMethod -->
        <test-method signature="tc_164()[pri:0, instance:org.main.TS_050@44a7bfbc]" started-at="2025-05-11T17:56:01 IST" name="tc_164" finished-at="2025-05-11T17:56:06 IST" duration-ms="4321" status="PASS">
          <reporter-output>
          </reporter-output>
        </test-method> <!-- tc_164 -->
        <test-method is-config="true" signature="Aftermethod()[pri:0, instance:org.main.TS_050@44a7bfbc]" started-at="2025-05-11T17:56:06 IST" name="Aftermethod" finished-at="2025-05-11T17:56:06 IST" duration-ms="327" status="PASS">
          <reporter-output>
          </reporter-output>
        </test-method> <!-- Aftermethod -->
      </class> <!-- org.main.TS_050 -->
      <class name="org.main.TS_034">
        <test-method is-config="true" signature="moduleDetails()[pri:0, instance:org.main.TS_034@7e9131d5]" started-at="2025-05-11T17:53:36 IST" name="moduleDetails" finished-at="2025-05-11T17:53:36 IST" duration-ms="3" status="PASS">
          <reporter-output>
          </reporter-output>
        </test-method> <!-- moduleDetails -->
        <test-method is-config="true" signature="BeforeMethod()[pri:0, instance:org.main.TS_034@7e9131d5]" started-at="2025-05-11T17:53:36 IST" name="BeforeMethod" finished-at="2025-05-11T17:53:39 IST" duration-ms="3841" status="PASS">
          <reporter-output>
          </reporter-output>
        </test-method> <!-- BeforeMethod -->
        <test-method signature="tc_109()[pri:0, instance:org.main.TS_034@7e9131d5]" started-at="2025-05-11T17:53:39 IST" name="tc_109" finished-at="2025-05-11T17:53:46 IST" duration-ms="6824" status="PASS">
          <reporter-output>
          </reporter-output>
        </test-method> <!-- tc_109 -->
        <test-method is-config="true" signature="Aftermethod()[pri:0, instance:org.main.TS_034@7e9131d5]" started-at="2025-05-11T17:53:46 IST" name="Aftermethod" finished-at="2025-05-11T17:53:48 IST" duration-ms="2149" status="PASS">
          <reporter-output>
          </reporter-output>
        </test-method> <!-- Aftermethod -->
        <test-method is-config="true" signature="BeforeMethod()[pri:0, instance:org.main.TS_034@7e9131d5]" started-at="2025-05-11T17:53:48 IST" name="BeforeMethod" finished-at="2025-05-11T17:53:52 IST" duration-ms="3181" status="PASS">
          <reporter-output>
          </reporter-output>
        </test-method> <!-- BeforeMethod -->
        <test-method signature="tc_110()[pri:0, instance:org.main.TS_034@7e9131d5]" started-at="2025-05-11T17:53:52 IST" name="tc_110" finished-at="2025-05-11T17:53:56 IST" duration-ms="4516" status="PASS">
          <reporter-output>
          </reporter-output>
        </test-method> <!-- tc_110 -->
        <test-method is-config="true" signature="Aftermethod()[pri:0, instance:org.main.TS_034@7e9131d5]" started-at="2025-05-11T17:53:56 IST" name="Aftermethod" finished-at="2025-05-11T17:53:56 IST" duration-ms="313" status="PASS">
          <reporter-output>
          </reporter-output>
        </test-method> <!-- Aftermethod -->
      </class> <!-- org.main.TS_034 -->
      <class name="org.main.TS_012">
        <test-method is-config="true" signature="moduleDetails()[pri:0, instance:org.main.TS_012@3c947bc5]" started-at="2025-05-11T17:49:58 IST" name="moduleDetails" finished-at="2025-05-11T17:49:58 IST" duration-ms="0" status="PASS">
          <reporter-output>
          </reporter-output>
        </test-method> <!-- moduleDetails -->
        <test-method is-config="true" signature="BeforeMethod()[pri:0, instance:org.main.TS_012@3c947bc5]" started-at="2025-05-11T17:49:58 IST" name="BeforeMethod" finished-at="2025-05-11T17:50:01 IST" duration-ms="3519" status="PASS">
          <reporter-output>
          </reporter-output>
        </test-method> <!-- BeforeMethod -->
        <test-method signature="tc_033()[pri:0, instance:org.main.TS_012@3c947bc5]" started-at="2025-05-11T17:50:01 IST" name="tc_033" finished-at="2025-05-11T17:50:06 IST" duration-ms="4576" status="PASS">
          <reporter-output>
          </reporter-output>
        </test-method> <!-- tc_033 -->
        <test-method is-config="true" signature="Aftermethod()[pri:0, instance:org.main.TS_012@3c947bc5]" started-at="2025-05-11T17:50:06 IST" name="Aftermethod" finished-at="2025-05-11T17:50:08 IST" duration-ms="1865" status="PASS">
          <reporter-output>
          </reporter-output>
        </test-method> <!-- Aftermethod -->
        <test-method is-config="true" signature="BeforeMethod()[pri:0, instance:org.main.TS_012@3c947bc5]" started-at="2025-05-11T17:50:08 IST" name="BeforeMethod" finished-at="2025-05-11T17:50:12 IST" duration-ms="3736" status="PASS">
          <reporter-output>
          </reporter-output>
        </test-method> <!-- BeforeMethod -->
        <test-method signature="tc_034()[pri:0, instance:org.main.TS_012@3c947bc5]" started-at="2025-05-11T17:50:12 IST" name="tc_034" finished-at="2025-05-11T17:50:12 IST" duration-ms="735" status="PASS">
          <reporter-output>
          </reporter-output>
        </test-method> <!-- tc_034 -->
        <test-method is-config="true" signature="Aftermethod()[pri:0, instance:org.main.TS_012@3c947bc5]" started-at="2025-05-11T17:50:12 IST" name="Aftermethod" finished-at="2025-05-11T17:50:13 IST" duration-ms="294" status="PASS">
          <reporter-output>
          </reporter-output>
        </test-method> <!-- Aftermethod -->
      </class> <!-- org.main.TS_012 -->
      <class name="org.main.TS_036">
        <test-method is-config="true" signature="moduleDetails()[pri:0, instance:org.main.TS_036@2e1d27ba]" started-at="2025-05-11T17:53:56 IST" name="moduleDetails" finished-at="2025-05-11T17:53:56 IST" duration-ms="0" status="PASS">
          <reporter-output>
          </reporter-output>
        </test-method> <!-- moduleDetails -->
        <test-method is-config="true" signature="BeforeMethod()[pri:0, instance:org.main.TS_036@2e1d27ba]" started-at="2025-05-11T17:53:56 IST" name="BeforeMethod" finished-at="2025-05-11T17:54:00 IST" duration-ms="3681" status="PASS">
          <reporter-output>
          </reporter-output>
        </test-method> <!-- BeforeMethod -->
        <test-method signature="tc_114()[pri:0, instance:org.main.TS_036@2e1d27ba]" started-at="2025-05-11T17:54:00 IST" name="tc_114" finished-at="2025-05-11T17:54:03 IST" duration-ms="3421" status="PASS">
          <reporter-output>
          </reporter-output>
        </test-method> <!-- tc_114 -->
        <test-method is-config="true" signature="Aftermethod()[pri:0, instance:org.main.TS_036@2e1d27ba]" started-at="2025-05-11T17:54:03 IST" name="Aftermethod" finished-at="2025-05-11T17:54:04 IST" duration-ms="309" status="PASS">
          <reporter-output>
          </reporter-output>
        </test-method> <!-- Aftermethod -->
        <test-method is-config="true" signature="BeforeMethod()[pri:0, instance:org.main.TS_036@2e1d27ba]" started-at="2025-05-11T17:54:04 IST" name="BeforeMethod" finished-at="2025-05-11T17:54:07 IST" duration-ms="3364" status="PASS">
          <reporter-output>
          </reporter-output>
        </test-method> <!-- BeforeMethod -->
        <test-method signature="tc_115()[pri:0, instance:org.main.TS_036@2e1d27ba]" started-at="2025-05-11T17:54:07 IST" name="tc_115" finished-at="2025-05-11T17:54:08 IST" duration-ms="1313" status="PASS">
          <reporter-output>
          </reporter-output>
        </test-method> <!-- tc_115 -->
        <test-method is-config="true" signature="Aftermethod()[pri:0, instance:org.main.TS_036@2e1d27ba]" started-at="2025-05-11T17:54:08 IST" name="Aftermethod" finished-at="2025-05-11T17:54:09 IST" duration-ms="329" status="PASS">
          <reporter-output>
          </reporter-output>
        </test-method> <!-- Aftermethod -->
      </class> <!-- org.main.TS_036 -->
      <class name="org.main.TS_014">
        <test-method is-config="true" signature="BeforeMethod()[pri:0, instance:org.main.TS_014@609db43b]" started-at="2025-05-11T17:50:13 IST" name="BeforeMethod" finished-at="2025-05-11T17:50:16 IST" duration-ms="3084" status="PASS">
          <reporter-output>
          </reporter-output>
        </test-method> <!-- BeforeMethod -->
        <test-method is-config="true" signature="moduleDetails()[pri:0, instance:org.main.TS_014@609db43b]" started-at="2025-05-11T17:50:13 IST" name="moduleDetails" finished-at="2025-05-11T17:50:13 IST" duration-ms="0" status="PASS">
          <reporter-output>
          </reporter-output>
        </test-method> <!-- moduleDetails -->
        <test-method signature="tc_038()[pri:1, instance:org.main.TS_014@609db43b]" started-at="2025-05-11T17:50:16 IST" name="tc_038" finished-at="2025-05-11T17:50:17 IST" duration-ms="1316" status="PASS">
          <reporter-output>
          </reporter-output>
        </test-method> <!-- tc_038 -->
        <test-method is-config="true" signature="Aftermethod()[pri:0, instance:org.main.TS_014@609db43b]" started-at="2025-05-11T17:50:17 IST" name="Aftermethod" finished-at="2025-05-11T17:50:17 IST" duration-ms="292" status="PASS">
          <reporter-output>
          </reporter-output>
        </test-method> <!-- Aftermethod -->
        <test-method is-config="true" signature="BeforeMethod()[pri:0, instance:org.main.TS_014@609db43b]" started-at="2025-05-11T17:50:17 IST" name="BeforeMethod" finished-at="2025-05-11T17:50:21 IST" duration-ms="3277" status="PASS">
          <reporter-output>
          </reporter-output>
        </test-method> <!-- BeforeMethod -->
        <test-method signature="tc_040()[pri:2, instance:org.main.TS_014@609db43b]" started-at="2025-05-11T17:50:21 IST" name="tc_040" finished-at="2025-05-11T17:50:21 IST" duration-ms="369" status="PASS">
          <reporter-output>
          </reporter-output>
        </test-method> <!-- tc_040 -->
        <test-method is-config="true" signature="Aftermethod()[pri:0, instance:org.main.TS_014@609db43b]" started-at="2025-05-11T17:50:21 IST" name="Aftermethod" finished-at="2025-05-11T17:50:21 IST" duration-ms="395" status="PASS">
          <reporter-output>
          </reporter-output>
        </test-method> <!-- Aftermethod -->
        <test-method is-config="true" signature="BeforeMethod()[pri:0, instance:org.main.TS_014@609db43b]" started-at="2025-05-11T17:50:21 IST" name="BeforeMethod" finished-at="2025-05-11T17:50:25 IST" duration-ms="3495" status="PASS">
          <reporter-output>
          </reporter-output>
        </test-method> <!-- BeforeMethod -->
        <test-method signature="tc_041()[pri:3, instance:org.main.TS_014@609db43b]" started-at="2025-05-11T17:50:25 IST" name="tc_041" finished-at="2025-05-11T17:51:00 IST" duration-ms="34693" status="PASS">
          <reporter-output>
          </reporter-output>
        </test-method> <!-- tc_041 -->
        <test-method is-config="true" signature="Aftermethod()[pri:0, instance:org.main.TS_014@609db43b]" started-at="2025-05-11T17:51:00 IST" name="Aftermethod" finished-at="2025-05-11T17:51:00 IST" duration-ms="326" status="PASS">
          <reporter-output>
          </reporter-output>
        </test-method> <!-- Aftermethod -->
      </class> <!-- org.main.TS_014 -->
      <class name="org.main.TS_052">
        <test-method is-config="true" signature="moduleDetails()[pri:0, instance:org.main.TS_052@4ef37659]" started-at="2025-05-11T17:56:06 IST" name="moduleDetails" finished-at="2025-05-11T17:56:06 IST" duration-ms="0" status="PASS">
          <reporter-output>
          </reporter-output>
        </test-method> <!-- moduleDetails -->
        <test-method is-config="true" signature="BeforeMethod()[pri:0, instance:org.main.TS_052@4ef37659]" started-at="2025-05-11T17:56:06 IST" name="BeforeMethod" finished-at="2025-05-11T17:56:10 IST" duration-ms="3432" status="PASS">
          <reporter-output>
          </reporter-output>
        </test-method> <!-- BeforeMethod -->
        <test-method signature="tc_171()[pri:0, instance:org.main.TS_052@4ef37659]" started-at="2025-05-11T17:56:10 IST" name="tc_171" finished-at="2025-05-11T17:56:26 IST" duration-ms="16720" status="PASS">
          <reporter-output>
          </reporter-output>
        </test-method> <!-- tc_171 -->
        <test-method is-config="true" signature="Aftermethod()[pri:0, instance:org.main.TS_052@4ef37659]" started-at="2025-05-11T17:56:26 IST" name="Aftermethod" finished-at="2025-05-11T17:56:27 IST" duration-ms="349" status="PASS">
          <reporter-output>
          </reporter-output>
        </test-method> <!-- Aftermethod -->
      </class> <!-- org.main.TS_052 -->
      <class name="org.main.TS_030">
        <test-method is-config="true" signature="moduleDetails()[pri:0, instance:org.main.TS_030@46fa7c39]" started-at="2025-05-11T17:52:33 IST" name="moduleDetails" finished-at="2025-05-11T17:52:33 IST" duration-ms="0" status="PASS">
          <reporter-output>
          </reporter-output>
        </test-method> <!-- moduleDetails -->
        <test-method is-config="true" signature="BeforeMethod()[pri:0, instance:org.main.TS_030@46fa7c39]" started-at="2025-05-11T17:52:33 IST" name="BeforeMethod" finished-at="2025-05-11T17:52:37 IST" duration-ms="3368" status="PASS">
          <reporter-output>
          </reporter-output>
        </test-method> <!-- BeforeMethod -->
        <test-method signature="tc_092()[pri:1, instance:org.main.TS_030@46fa7c39]" started-at="2025-05-11T17:52:37 IST" name="tc_092" finished-at="2025-05-11T17:52:39 IST" duration-ms="1823" status="PASS">
          <reporter-output>
          </reporter-output>
        </test-method> <!-- tc_092 -->
        <test-method is-config="true" signature="Aftermethod()[pri:0, instance:org.main.TS_030@46fa7c39]" started-at="2025-05-11T17:52:39 IST" name="Aftermethod" finished-at="2025-05-11T17:52:39 IST" duration-ms="274" status="PASS">
          <reporter-output>
          </reporter-output>
        </test-method> <!-- Aftermethod -->
        <test-method is-config="true" signature="BeforeMethod()[pri:0, instance:org.main.TS_030@46fa7c39]" started-at="2025-05-11T17:52:39 IST" name="BeforeMethod" finished-at="2025-05-11T17:52:42 IST" duration-ms="3316" status="PASS">
          <reporter-output>
          </reporter-output>
        </test-method> <!-- BeforeMethod -->
        <test-method signature="tc_093()[pri:2, instance:org.main.TS_030@46fa7c39]" started-at="2025-05-11T17:52:42 IST" name="tc_093" finished-at="2025-05-11T17:52:44 IST" duration-ms="1294" status="PASS">
          <reporter-output>
          </reporter-output>
        </test-method> <!-- tc_093 -->
        <test-method is-config="true" signature="Aftermethod()[pri:0, instance:org.main.TS_030@46fa7c39]" started-at="2025-05-11T17:52:44 IST" name="Aftermethod" finished-at="2025-05-11T17:52:44 IST" duration-ms="306" status="PASS">
          <reporter-output>
          </reporter-output>
        </test-method> <!-- Aftermethod -->
        <test-method is-config="true" signature="BeforeMethod()[pri:0, instance:org.main.TS_030@46fa7c39]" started-at="2025-05-11T17:52:44 IST" name="BeforeMethod" finished-at="2025-05-11T17:52:47 IST" duration-ms="3346" status="PASS">
          <reporter-output>
          </reporter-output>
        </test-method> <!-- BeforeMethod -->
        <test-method signature="tc_094()[pri:3, instance:org.main.TS_030@46fa7c39]" started-at="2025-05-11T17:52:47 IST" name="tc_094" finished-at="2025-05-11T17:52:48 IST" duration-ms="1166" status="PASS">
          <reporter-output>
          </reporter-output>
        </test-method> <!-- tc_094 -->
        <test-method is-config="true" signature="Aftermethod()[pri:0, instance:org.main.TS_030@46fa7c39]" started-at="2025-05-11T17:52:48 IST" name="Aftermethod" finished-at="2025-05-11T17:52:49 IST" duration-ms="353" status="PASS">
          <reporter-output>
          </reporter-output>
        </test-method> <!-- Aftermethod -->
        <test-method is-config="true" signature="BeforeMethod()[pri:0, instance:org.main.TS_030@46fa7c39]" started-at="2025-05-11T17:52:49 IST" name="BeforeMethod" finished-at="2025-05-11T17:52:52 IST" duration-ms="3190" status="PASS">
          <reporter-output>
          </reporter-output>
        </test-method> <!-- BeforeMethod -->
        <test-method signature="tc_095()[pri:4, instance:org.main.TS_030@46fa7c39]" started-at="2025-05-11T17:52:52 IST" name="tc_095" finished-at="2025-05-11T17:52:55 IST" duration-ms="2709" status="PASS">
          <reporter-output>
          </reporter-output>
        </test-method> <!-- tc_095 -->
        <test-method is-config="true" signature="Aftermethod()[pri:0, instance:org.main.TS_030@46fa7c39]" started-at="2025-05-11T17:52:55 IST" name="Aftermethod" finished-at="2025-05-11T17:52:55 IST" duration-ms="302" status="PASS">
          <reporter-output>
          </reporter-output>
        </test-method> <!-- Aftermethod -->
        <test-method is-config="true" signature="BeforeMethod()[pri:0, instance:org.main.TS_030@46fa7c39]" started-at="2025-05-11T17:52:55 IST" name="BeforeMethod" finished-at="2025-05-11T17:52:58 IST" duration-ms="3545" status="PASS">
          <reporter-output>
          </reporter-output>
        </test-method> <!-- BeforeMethod -->
        <test-method signature="tc_096()[pri:5, instance:org.main.TS_030@46fa7c39]" started-at="2025-05-11T17:52:58 IST" name="tc_096" finished-at="2025-05-11T17:53:00 IST" duration-ms="1438" status="PASS">
          <reporter-output>
          </reporter-output>
        </test-method> <!-- tc_096 -->
        <test-method is-config="true" signature="Aftermethod()[pri:0, instance:org.main.TS_030@46fa7c39]" started-at="2025-05-11T17:53:00 IST" name="Aftermethod" finished-at="2025-05-11T17:53:00 IST" duration-ms="299" status="PASS">
          <reporter-output>
          </reporter-output>
        </test-method> <!-- Aftermethod -->
        <test-method is-config="true" signature="BeforeMethod()[pri:0, instance:org.main.TS_030@46fa7c39]" started-at="2025-05-11T17:53:00 IST" name="BeforeMethod" finished-at="2025-05-11T17:53:03 IST" duration-ms="3121" status="PASS">
          <reporter-output>
          </reporter-output>
        </test-method> <!-- BeforeMethod -->
        <test-method signature="tc_097()[pri:6, instance:org.main.TS_030@46fa7c39]" started-at="2025-05-11T17:53:03 IST" name="tc_097" finished-at="2025-05-11T17:53:05 IST" duration-ms="1312" status="PASS">
          <reporter-output>
          </reporter-output>
        </test-method> <!-- tc_097 -->
        <test-method is-config="true" signature="Aftermethod()[pri:0, instance:org.main.TS_030@46fa7c39]" started-at="2025-05-11T17:53:05 IST" name="Aftermethod" finished-at="2025-05-11T17:53:05 IST" duration-ms="316" status="PASS">
          <reporter-output>
          </reporter-output>
        </test-method> <!-- Aftermethod -->
        <test-method is-config="true" signature="BeforeMethod()[pri:0, instance:org.main.TS_030@46fa7c39]" started-at="2025-05-11T17:53:05 IST" name="BeforeMethod" finished-at="2025-05-11T17:53:08 IST" duration-ms="3255" status="PASS">
          <reporter-output>
          </reporter-output>
        </test-method> <!-- BeforeMethod -->
        <test-method signature="tc_098()[pri:7, instance:org.main.TS_030@46fa7c39]" started-at="2025-05-11T17:53:08 IST" name="tc_098" finished-at="2025-05-11T17:53:10 IST" duration-ms="1905" status="PASS">
          <reporter-output>
          </reporter-output>
        </test-method> <!-- tc_098 -->
        <test-method is-config="true" signature="Aftermethod()[pri:0, instance:org.main.TS_030@46fa7c39]" started-at="2025-05-11T17:53:10 IST" name="Aftermethod" finished-at="2025-05-11T17:53:10 IST" duration-ms="293" status="PASS">
          <reporter-output>
          </reporter-output>
        </test-method> <!-- Aftermethod -->
        <test-method is-config="true" signature="BeforeMethod()[pri:0, instance:org.main.TS_030@46fa7c39]" started-at="2025-05-11T17:53:10 IST" name="BeforeMethod" finished-at="2025-05-11T17:53:14 IST" duration-ms="3469" status="PASS">
          <reporter-output>
          </reporter-output>
        </test-method> <!-- BeforeMethod -->
        <test-method signature="tc_099()[pri:8, instance:org.main.TS_030@46fa7c39]" started-at="2025-05-11T17:53:14 IST" name="tc_099" finished-at="2025-05-11T17:53:16 IST" duration-ms="1645" status="PASS">
          <reporter-output>
          </reporter-output>
        </test-method> <!-- tc_099 -->
        <test-method is-config="true" signature="Aftermethod()[pri:0, instance:org.main.TS_030@46fa7c39]" started-at="2025-05-11T17:53:16 IST" name="Aftermethod" finished-at="2025-05-11T17:53:16 IST" duration-ms="328" status="PASS">
          <reporter-output>
          </reporter-output>
        </test-method> <!-- Aftermethod -->
        <test-method is-config="true" signature="BeforeMethod()[pri:0, instance:org.main.TS_030@46fa7c39]" started-at="2025-05-11T17:53:16 IST" name="BeforeMethod" finished-at="2025-05-11T17:53:19 IST" duration-ms="3378" status="PASS">
          <reporter-output>
          </reporter-output>
        </test-method> <!-- BeforeMethod -->
        <test-method signature="tc_100()[pri:9, instance:org.main.TS_030@46fa7c39]" started-at="2025-05-11T17:53:19 IST" name="tc_100" finished-at="2025-05-11T17:53:21 IST" duration-ms="1546" status="PASS">
          <reporter-output>
          </reporter-output>
        </test-method> <!-- tc_100 -->
        <test-method is-config="true" signature="Aftermethod()[pri:0, instance:org.main.TS_030@46fa7c39]" started-at="2025-05-11T17:53:21 IST" name="Aftermethod" finished-at="2025-05-11T17:53:21 IST" duration-ms="315" status="PASS">
          <reporter-output>
          </reporter-output>
        </test-method> <!-- Aftermethod -->
      </class> <!-- org.main.TS_030 -->
      <class name="org.main.TS_032">
        <test-method is-config="true" signature="moduleDetails()[pri:0, instance:org.main.TS_032@1fb700ee]" started-at="2025-05-11T17:53:21 IST" name="moduleDetails" finished-at="2025-05-11T17:53:21 IST" duration-ms="1" status="PASS">
          <reporter-output>
          </reporter-output>
        </test-method> <!-- moduleDetails -->
        <test-method is-config="true" signature="BeforeMethod()[pri:0, instance:org.main.TS_032@1fb700ee]" started-at="2025-05-11T17:53:21 IST" name="BeforeMethod" finished-at="2025-05-11T17:53:24 IST" duration-ms="3339" status="PASS">
          <reporter-output>
          </reporter-output>
        </test-method> <!-- BeforeMethod -->
        <test-method signature="tc_103()[pri:1, instance:org.main.TS_032@1fb700ee]" started-at="2025-05-11T17:53:24 IST" name="tc_103" finished-at="2025-05-11T17:53:24 IST" duration-ms="26" status="PASS">
          <reporter-output>
          </reporter-output>
        </test-method> <!-- tc_103 -->
        <test-method is-config="true" signature="Aftermethod()[pri:0, instance:org.main.TS_032@1fb700ee]" started-at="2025-05-11T17:53:24 IST" name="Aftermethod" finished-at="2025-05-11T17:53:25 IST" duration-ms="286" status="PASS">
          <reporter-output>
          </reporter-output>
        </test-method> <!-- Aftermethod -->
        <test-method is-config="true" signature="BeforeMethod()[pri:0, instance:org.main.TS_032@1fb700ee]" started-at="2025-05-11T17:53:25 IST" name="BeforeMethod" finished-at="2025-05-11T17:53:28 IST" duration-ms="3586" status="PASS">
          <reporter-output>
          </reporter-output>
        </test-method> <!-- BeforeMethod -->
        <test-method signature="tc_104()[pri:2, instance:org.main.TS_032@1fb700ee]" started-at="2025-05-11T17:53:28 IST" name="tc_104" finished-at="2025-05-11T17:53:31 IST" duration-ms="3057" status="PASS">
          <reporter-output>
          </reporter-output>
        </test-method> <!-- tc_104 -->
        <test-method is-config="true" signature="Aftermethod()[pri:0, instance:org.main.TS_032@1fb700ee]" started-at="2025-05-11T17:53:31 IST" name="Aftermethod" finished-at="2025-05-11T17:53:32 IST" duration-ms="319" status="PASS">
          <reporter-output>
          </reporter-output>
        </test-method> <!-- Aftermethod -->
        <test-method is-config="true" signature="BeforeMethod()[pri:0, instance:org.main.TS_032@1fb700ee]" started-at="2025-05-11T17:53:32 IST" name="BeforeMethod" finished-at="2025-05-11T17:53:35 IST" duration-ms="3341" status="PASS">
          <reporter-output>
          </reporter-output>
        </test-method> <!-- BeforeMethod -->
        <test-method signature="tc_105()[pri:3, instance:org.main.TS_032@1fb700ee]" started-at="2025-05-11T17:53:35 IST" name="tc_105" finished-at="2025-05-11T17:53:35 IST" duration-ms="42" status="PASS">
          <reporter-output>
          </reporter-output>
        </test-method> <!-- tc_105 -->
        <test-method is-config="true" signature="Aftermethod()[pri:0, instance:org.main.TS_032@1fb700ee]" started-at="2025-05-11T17:53:35 IST" name="Aftermethod" finished-at="2025-05-11T17:53:36 IST" duration-ms="409" status="PASS">
          <reporter-output>
          </reporter-output>
        </test-method> <!-- Aftermethod -->
      </class> <!-- org.main.TS_032 -->
      <class name="org.main.TS_010">
        <test-method is-config="true" signature="moduleDetails()[pri:0, instance:org.main.TS_010@671a5887]" started-at="2025-05-11T17:49:17 IST" name="moduleDetails" finished-at="2025-05-11T17:49:17 IST" duration-ms="0" status="PASS">
          <reporter-output>
          </reporter-output>
        </test-method> <!-- moduleDetails -->
        <test-method is-config="true" signature="BeforeMethod()[pri:0, instance:org.main.TS_010@671a5887]" started-at="2025-05-11T17:49:17 IST" name="BeforeMethod" finished-at="2025-05-11T17:49:25 IST" duration-ms="7868" status="PASS">
          <reporter-output>
          </reporter-output>
        </test-method> <!-- BeforeMethod -->
        <test-method signature="tc_028()[pri:0, instance:org.main.TS_010@671a5887]" started-at="2025-05-11T17:49:25 IST" name="tc_028" finished-at="2025-05-11T17:49:32 IST" duration-ms="7167" status="PASS">
          <reporter-output>
          </reporter-output>
        </test-method> <!-- tc_028 -->
        <test-method is-config="true" signature="Aftermethod()[pri:0, instance:org.main.TS_010@671a5887]" started-at="2025-05-11T17:49:32 IST" name="Aftermethod" finished-at="2025-05-11T17:49:33 IST" duration-ms="356" status="PASS">
          <reporter-output>
          </reporter-output>
        </test-method> <!-- Aftermethod -->
        <test-method is-config="true" signature="BeforeMethod()[pri:0, instance:org.main.TS_010@671a5887]" started-at="2025-05-11T17:49:33 IST" name="BeforeMethod" finished-at="2025-05-11T17:49:41 IST" duration-ms="8187" status="PASS">
          <reporter-output>
          </reporter-output>
        </test-method> <!-- BeforeMethod -->
        <test-method signature="tc_029()[pri:0, instance:org.main.TS_010@671a5887]" started-at="2025-05-11T17:49:41 IST" name="tc_029" finished-at="2025-05-11T17:49:41 IST" duration-ms="209" status="PASS">
          <reporter-output>
          </reporter-output>
        </test-method> <!-- tc_029 -->
        <test-method is-config="true" signature="Aftermethod()[pri:0, instance:org.main.TS_010@671a5887]" started-at="2025-05-11T17:49:41 IST" name="Aftermethod" finished-at="2025-05-11T17:49:41 IST" duration-ms="321" status="PASS">
          <reporter-output>
          </reporter-output>
        </test-method> <!-- Aftermethod -->
      </class> <!-- org.main.TS_010 -->
      <class name="org.main.TS_011">
        <test-method is-config="true" signature="moduleDetails()[pri:0, instance:org.main.TS_011@5552768b]" started-at="2025-05-11T17:49:41 IST" name="moduleDetails" finished-at="2025-05-11T17:49:41 IST" duration-ms="0" status="PASS">
          <reporter-output>
          </reporter-output>
        </test-method> <!-- moduleDetails -->
        <test-method is-config="true" signature="BeforeMethod()[pri:0, instance:org.main.TS_011@5552768b]" started-at="2025-05-11T17:49:41 IST" name="BeforeMethod" finished-at="2025-05-11T17:49:45 IST" duration-ms="3723" status="PASS">
          <reporter-output>
          </reporter-output>
        </test-method> <!-- BeforeMethod -->
        <test-method signature="tc_030()[pri:0, instance:org.main.TS_011@5552768b]" started-at="2025-05-11T17:49:45 IST" name="tc_030" finished-at="2025-05-11T17:49:45 IST" duration-ms="30" status="PASS">
          <reporter-output>
          </reporter-output>
        </test-method> <!-- tc_030 -->
        <test-method is-config="true" signature="Aftermethod()[pri:0, instance:org.main.TS_011@5552768b]" started-at="2025-05-11T17:49:45 IST" name="Aftermethod" finished-at="2025-05-11T17:49:45 IST" duration-ms="285" status="PASS">
          <reporter-output>
          </reporter-output>
        </test-method> <!-- Aftermethod -->
        <test-method is-config="true" signature="BeforeMethod()[pri:0, instance:org.main.TS_011@5552768b]" started-at="2025-05-11T17:49:45 IST" name="BeforeMethod" finished-at="2025-05-11T17:49:49 IST" duration-ms="3216" status="PASS">
          <reporter-output>
          </reporter-output>
        </test-method> <!-- BeforeMethod -->
        <test-method signature="tc_031()[pri:0, instance:org.main.TS_011@5552768b]" started-at="2025-05-11T17:49:49 IST" name="tc_031" finished-at="2025-05-11T17:49:49 IST" duration-ms="51" status="PASS">
          <reporter-output>
          </reporter-output>
        </test-method> <!-- tc_031 -->
        <test-method is-config="true" signature="Aftermethod()[pri:0, instance:org.main.TS_011@5552768b]" started-at="2025-05-11T17:49:49 IST" name="Aftermethod" finished-at="2025-05-11T17:49:49 IST" duration-ms="293" status="PASS">
          <reporter-output>
          </reporter-output>
        </test-method> <!-- Aftermethod -->
        <test-method is-config="true" signature="BeforeMethod()[pri:0, instance:org.main.TS_011@5552768b]" started-at="2025-05-11T17:49:49 IST" name="BeforeMethod" finished-at="2025-05-11T17:49:52 IST" duration-ms="3279" status="PASS">
          <reporter-output>
          </reporter-output>
        </test-method> <!-- BeforeMethod -->
        <test-method signature="tc_032()[pri:0, instance:org.main.TS_011@5552768b]" started-at="2025-05-11T17:49:52 IST" name="tc_032" finished-at="2025-05-11T17:49:58 IST" duration-ms="5474" status="PASS">
          <reporter-output>
          </reporter-output>
        </test-method> <!-- tc_032 -->
        <test-method is-config="true" signature="Aftermethod()[pri:0, instance:org.main.TS_011@5552768b]" started-at="2025-05-11T17:49:58 IST" name="Aftermethod" finished-at="2025-05-11T17:49:58 IST" duration-ms="313" status="PASS">
          <reporter-output>
          </reporter-output>
        </test-method> <!-- Aftermethod -->
      </class> <!-- org.main.TS_011 -->
      <class name="org.main.TS_016">
        <test-method is-config="true" signature="BeforeMethod()[pri:0, instance:org.main.TS_016@55f616cf]" started-at="2025-05-11T17:51:00 IST" name="BeforeMethod" finished-at="2025-05-11T17:51:03 IST" duration-ms="3330" status="PASS">
          <reporter-output>
          </reporter-output>
        </test-method> <!-- BeforeMethod -->
        <test-method is-config="true" signature="moduleDetails()[pri:0, instance:org.main.TS_016@55f616cf]" started-at="2025-05-11T17:51:00 IST" name="moduleDetails" finished-at="2025-05-11T17:51:00 IST" duration-ms="0" status="PASS">
          <reporter-output>
          </reporter-output>
        </test-method> <!-- moduleDetails -->
        <test-method signature="tc_045()[pri:1, instance:org.main.TS_016@55f616cf]" started-at="2025-05-11T17:51:03 IST" name="tc_045" finished-at="2025-05-11T17:51:07 IST" duration-ms="3467" status="PASS">
          <reporter-output>
          </reporter-output>
        </test-method> <!-- tc_045 -->
        <test-method is-config="true" signature="Aftermethod()[pri:0, instance:org.main.TS_016@55f616cf]" started-at="2025-05-11T17:51:07 IST" name="Aftermethod" finished-at="2025-05-11T17:51:07 IST" duration-ms="730" status="PASS">
          <reporter-output>
          </reporter-output>
        </test-method> <!-- Aftermethod -->
        <test-method is-config="true" signature="BeforeMethod()[pri:0, instance:org.main.TS_016@55f616cf]" started-at="2025-05-11T17:51:07 IST" name="BeforeMethod" finished-at="2025-05-11T17:51:11 IST" duration-ms="3162" status="PASS">
          <reporter-output>
          </reporter-output>
        </test-method> <!-- BeforeMethod -->
        <test-method signature="tc_046()[pri:2, instance:org.main.TS_016@55f616cf]" started-at="2025-05-11T17:51:11 IST" name="tc_046" finished-at="2025-05-11T17:51:11 IST" duration-ms="145" status="PASS">
          <reporter-output>
          </reporter-output>
        </test-method> <!-- tc_046 -->
        <test-method is-config="true" signature="Aftermethod()[pri:0, instance:org.main.TS_016@55f616cf]" started-at="2025-05-11T17:51:11 IST" name="Aftermethod" finished-at="2025-05-11T17:51:11 IST" duration-ms="296" status="PASS">
          <reporter-output>
          </reporter-output>
        </test-method> <!-- Aftermethod -->
      </class> <!-- org.main.TS_016 -->
      <class name="org.main.TS_018">
        <test-method is-config="true" signature="moduleDetails()[pri:0, instance:org.main.TS_018@1356d4d4]" started-at="2025-05-11T17:51:11 IST" name="moduleDetails" finished-at="2025-05-11T17:51:11 IST" duration-ms="0" status="PASS">
          <reporter-output>
          </reporter-output>
        </test-method> <!-- moduleDetails -->
        <test-method is-config="true" signature="BeforeMethod()[pri:0, instance:org.main.TS_018@1356d4d4]" started-at="2025-05-11T17:51:11 IST" name="BeforeMethod" finished-at="2025-05-11T17:51:14 IST" duration-ms="3274" status="PASS">
          <reporter-output>
          </reporter-output>
        </test-method> <!-- BeforeMethod -->
        <test-method signature="tc_050()[pri:1, instance:org.main.TS_018@1356d4d4]" started-at="2025-05-11T17:51:14 IST" name="tc_050" finished-at="2025-05-11T17:51:17 IST" duration-ms="2151" status="PASS">
          <reporter-output>
          </reporter-output>
        </test-method> <!-- tc_050 -->
        <test-method is-config="true" signature="Aftermethod()[pri:0, instance:org.main.TS_018@1356d4d4]" started-at="2025-05-11T17:51:17 IST" name="Aftermethod" finished-at="2025-05-11T17:51:17 IST" duration-ms="347" status="PASS">
          <reporter-output>
          </reporter-output>
        </test-method> <!-- Aftermethod -->
        <test-method is-config="true" signature="BeforeMethod()[pri:0, instance:org.main.TS_018@1356d4d4]" started-at="2025-05-11T17:51:17 IST" name="BeforeMethod" finished-at="2025-05-11T17:51:20 IST" duration-ms="3342" status="PASS">
          <reporter-output>
          </reporter-output>
        </test-method> <!-- BeforeMethod -->
        <test-method signature="tc_051()[pri:2, instance:org.main.TS_018@1356d4d4]" started-at="2025-05-11T17:51:20 IST" name="tc_051" finished-at="2025-05-11T17:51:22 IST" duration-ms="2171" status="PASS">
          <reporter-output>
          </reporter-output>
        </test-method> <!-- tc_051 -->
        <test-method is-config="true" signature="Aftermethod()[pri:0, instance:org.main.TS_018@1356d4d4]" started-at="2025-05-11T17:51:22 IST" name="Aftermethod" finished-at="2025-05-11T17:51:23 IST" duration-ms="328" status="PASS">
          <reporter-output>
          </reporter-output>
        </test-method> <!-- Aftermethod -->
      </class> <!-- org.main.TS_018 -->
      <class name="org.main.TS_040">
        <test-method is-config="true" signature="moduleDetails()[pri:0, instance:org.main.TS_040@61d6015a]" started-at="2025-05-11T17:54:09 IST" name="moduleDetails" finished-at="2025-05-11T17:54:09 IST" duration-ms="0" status="PASS">
          <reporter-output>
          </reporter-output>
        </test-method> <!-- moduleDetails -->
        <test-method is-config="true" signature="BeforeMethod()[pri:0, instance:org.main.TS_040@61d6015a]" started-at="2025-05-11T17:54:09 IST" name="BeforeMethod" finished-at="2025-05-11T17:54:12 IST" duration-ms="3368" status="PASS">
          <reporter-output>
          </reporter-output>
        </test-method> <!-- BeforeMethod -->
        <test-method signature="tc_128()[pri:0, instance:org.main.TS_040@61d6015a]" started-at="2025-05-11T17:54:12 IST" name="tc_128" finished-at="2025-05-11T17:54:15 IST" duration-ms="3328" status="PASS">
          <reporter-output>
          </reporter-output>
        </test-method> <!-- tc_128 -->
        <test-method is-config="true" signature="Aftermethod()[pri:0, instance:org.main.TS_040@61d6015a]" started-at="2025-05-11T17:54:15 IST" name="Aftermethod" finished-at="2025-05-11T17:54:16 IST" duration-ms="323" status="PASS">
          <reporter-output>
          </reporter-output>
        </test-method> <!-- Aftermethod -->
        <test-method is-config="true" signature="BeforeMethod()[pri:0, instance:org.main.TS_040@61d6015a]" started-at="2025-05-11T17:54:16 IST" name="BeforeMethod" finished-at="2025-05-11T17:54:19 IST" duration-ms="3466" status="PASS">
          <reporter-output>
          </reporter-output>
        </test-method> <!-- BeforeMethod -->
        <test-method signature="tc_129()[pri:0, instance:org.main.TS_040@61d6015a]" started-at="2025-05-11T17:54:19 IST" name="tc_129" finished-at="2025-05-11T17:54:21 IST" duration-ms="1347" status="PASS">
          <reporter-output>
          </reporter-output>
        </test-method> <!-- tc_129 -->
        <test-method is-config="true" signature="Aftermethod()[pri:0, instance:org.main.TS_040@61d6015a]" started-at="2025-05-11T17:54:21 IST" name="Aftermethod" finished-at="2025-05-11T17:54:21 IST" duration-ms="310" status="PASS">
          <reporter-output>
          </reporter-output>
        </test-method> <!-- Aftermethod -->
      </class> <!-- org.main.TS_040 -->
      <class name="org.main.TS_001">
        <test-method is-config="true" signature="moduleDetails()[pri:0, instance:org.main.TS_001@ba54932]" started-at="2025-05-11T17:45:21 IST" name="moduleDetails" finished-at="2025-05-11T17:45:21 IST" duration-ms="10" status="PASS">
          <reporter-output>
          </reporter-output>
        </test-method> <!-- moduleDetails -->
        <test-method is-config="true" signature="BeforeMethod()[pri:0, instance:org.main.TS_001@ba54932]" started-at="2025-05-11T17:45:21 IST" name="BeforeMethod" finished-at="2025-05-11T17:45:29 IST" duration-ms="8533" status="PASS">
          <reporter-output>
          </reporter-output>
        </test-method> <!-- BeforeMethod -->
        <test-method signature="tc_001()[pri:0, instance:org.main.TS_001@ba54932]" started-at="2025-05-11T17:45:29 IST" name="tc_001" finished-at="2025-05-11T17:45:29 IST" duration-ms="44" status="PASS">
          <reporter-output>
          </reporter-output>
        </test-method> <!-- tc_001 -->
        <test-method is-config="true" signature="Aftermethod()[pri:0, instance:org.main.TS_001@ba54932]" started-at="2025-05-11T17:45:29 IST" name="Aftermethod" finished-at="2025-05-11T17:45:30 IST" duration-ms="369" status="PASS">
          <reporter-output>
          </reporter-output>
        </test-method> <!-- Aftermethod -->
        <test-method is-config="true" signature="BeforeMethod()[pri:0, instance:org.main.TS_001@ba54932]" started-at="2025-05-11T17:45:30 IST" name="BeforeMethod" finished-at="2025-05-11T17:45:38 IST" duration-ms="7958" status="PASS">
          <reporter-output>
          </reporter-output>
        </test-method> <!-- BeforeMethod -->
        <test-method signature="tc_002()[pri:0, instance:org.main.TS_001@ba54932]" started-at="2025-05-11T17:45:38 IST" name="tc_002" finished-at="2025-05-11T17:45:38 IST" duration-ms="100" status="PASS">
          <reporter-output>
          </reporter-output>
        </test-method> <!-- tc_002 -->
        <test-method is-config="true" signature="Aftermethod()[pri:0, instance:org.main.TS_001@ba54932]" started-at="2025-05-11T17:45:38 IST" name="Aftermethod" finished-at="2025-05-11T17:45:38 IST" duration-ms="295" status="PASS">
          <reporter-output>
          </reporter-output>
        </test-method> <!-- Aftermethod -->
      </class> <!-- org.main.TS_001 -->
      <class name="org.main.TS_046">
        <test-method is-config="true" signature="moduleDetails()[pri:0, instance:org.main.TS_046@152aa092]" started-at="2025-05-11T17:55:14 IST" name="moduleDetails" finished-at="2025-05-11T17:55:14 IST" duration-ms="0" status="PASS">
          <reporter-output>
          </reporter-output>
        </test-method> <!-- moduleDetails -->
        <test-method is-config="true" signature="BeforeMethod()[pri:0, instance:org.main.TS_046@152aa092]" started-at="2025-05-11T17:55:14 IST" name="BeforeMethod" finished-at="2025-05-11T17:55:18 IST" duration-ms="3390" status="PASS">
          <reporter-output>
          </reporter-output>
        </test-method> <!-- BeforeMethod -->
        <test-method signature="tc_145()[pri:0, instance:org.main.TS_046@152aa092]" started-at="2025-05-11T17:55:18 IST" name="tc_145" finished-at="2025-05-11T17:55:18 IST" duration-ms="21" status="PASS">
          <reporter-output>
          </reporter-output>
        </test-method> <!-- tc_145 -->
        <test-method is-config="true" signature="Aftermethod()[pri:0, instance:org.main.TS_046@152aa092]" started-at="2025-05-11T17:55:18 IST" name="Aftermethod" finished-at="2025-05-11T17:55:18 IST" duration-ms="267" status="PASS">
          <reporter-output>
          </reporter-output>
        </test-method> <!-- Aftermethod -->
        <test-method is-config="true" signature="BeforeMethod()[pri:0, instance:org.main.TS_046@152aa092]" started-at="2025-05-11T17:55:18 IST" name="BeforeMethod" finished-at="2025-05-11T17:55:22 IST" duration-ms="3986" status="PASS">
          <reporter-output>
          </reporter-output>
        </test-method> <!-- BeforeMethod -->
        <test-method signature="tc_146()[pri:0, instance:org.main.TS_046@152aa092]" started-at="2025-05-11T17:55:22 IST" name="tc_146" finished-at="2025-05-11T17:55:27 IST" duration-ms="5257" status="PASS">
          <reporter-output>
          </reporter-output>
        </test-method> <!-- tc_146 -->
        <test-method is-config="true" signature="Aftermethod()[pri:0, instance:org.main.TS_046@152aa092]" started-at="2025-05-11T17:55:27 IST" name="Aftermethod" finished-at="2025-05-11T17:55:28 IST" duration-ms="641" status="PASS">
          <reporter-output>
          </reporter-output>
        </test-method> <!-- Aftermethod -->
        <test-method is-config="true" signature="BeforeMethod()[pri:0, instance:org.main.TS_046@152aa092]" started-at="2025-05-11T17:55:28 IST" name="BeforeMethod" finished-at="2025-05-11T17:55:33 IST" duration-ms="4782" status="PASS">
          <reporter-output>
          </reporter-output>
        </test-method> <!-- BeforeMethod -->
        <test-method signature="tc_147()[pri:0, instance:org.main.TS_046@152aa092]" started-at="2025-05-11T17:55:33 IST" name="tc_147" finished-at="2025-05-11T17:55:33 IST" duration-ms="183" status="PASS">
          <reporter-output>
          </reporter-output>
        </test-method> <!-- tc_147 -->
        <test-method is-config="true" signature="Aftermethod()[pri:0, instance:org.main.TS_046@152aa092]" started-at="2025-05-11T17:55:33 IST" name="Aftermethod" finished-at="2025-05-11T17:55:33 IST" duration-ms="316" status="PASS">
          <reporter-output>
          </reporter-output>
        </test-method> <!-- Aftermethod -->
      </class> <!-- org.main.TS_046 -->
      <class name="org.main.TS_024">
        <test-method is-config="true" signature="moduleDetails()[pri:0, instance:org.main.TS_024@6497b078]" started-at="2025-05-11T17:51:54 IST" name="moduleDetails" finished-at="2025-05-11T17:51:54 IST" duration-ms="1" status="PASS">
          <reporter-output>
          </reporter-output>
        </test-method> <!-- moduleDetails -->
        <test-method is-config="true" signature="BeforeMethod()[pri:0, instance:org.main.TS_024@6497b078]" started-at="2025-05-11T17:51:54 IST" name="BeforeMethod" finished-at="2025-05-11T17:51:58 IST" duration-ms="3237" status="PASS">
          <reporter-output>
          </reporter-output>
        </test-method> <!-- BeforeMethod -->
        <test-method signature="tc_072()[pri:1, instance:org.main.TS_024@6497b078]" started-at="2025-05-11T17:51:58 IST" name="tc_072" finished-at="2025-05-11T17:51:58 IST" duration-ms="26" status="PASS">
          <reporter-output>
          </reporter-output>
        </test-method> <!-- tc_072 -->
        <test-method is-config="true" signature="Aftermethod()[pri:0, instance:org.main.TS_024@6497b078]" started-at="2025-05-11T17:51:58 IST" name="Aftermethod" finished-at="2025-05-11T17:51:58 IST" duration-ms="269" status="PASS">
          <reporter-output>
          </reporter-output>
        </test-method> <!-- Aftermethod -->
        <test-method is-config="true" signature="BeforeMethod()[pri:0, instance:org.main.TS_024@6497b078]" started-at="2025-05-11T17:51:58 IST" name="BeforeMethod" finished-at="2025-05-11T17:52:01 IST" duration-ms="3603" status="PASS">
          <reporter-output>
          </reporter-output>
        </test-method> <!-- BeforeMethod -->
        <test-method signature="tc_073()[pri:2, instance:org.main.TS_024@6497b078]" started-at="2025-05-11T17:52:01 IST" name="tc_073" finished-at="2025-05-11T17:52:03 IST" duration-ms="1083" status="PASS">
          <reporter-output>
          </reporter-output>
        </test-method> <!-- tc_073 -->
        <test-method is-config="true" signature="Aftermethod()[pri:0, instance:org.main.TS_024@6497b078]" started-at="2025-05-11T17:52:03 IST" name="Aftermethod" finished-at="2025-05-11T17:52:03 IST" duration-ms="306" status="PASS">
          <reporter-output>
          </reporter-output>
        </test-method> <!-- Aftermethod -->
        <test-method is-config="true" signature="BeforeMethod()[pri:0, instance:org.main.TS_024@6497b078]" started-at="2025-05-11T17:52:03 IST" name="BeforeMethod" finished-at="2025-05-11T17:52:08 IST" duration-ms="4789" status="PASS">
          <reporter-output>
          </reporter-output>
        </test-method> <!-- BeforeMethod -->
        <test-method signature="tc_074()[pri:3, instance:org.main.TS_024@6497b078]" started-at="2025-05-11T17:52:08 IST" name="tc_074" finished-at="2025-05-11T17:52:08 IST" duration-ms="38" status="PASS">
          <reporter-output>
          </reporter-output>
        </test-method> <!-- tc_074 -->
        <test-method is-config="true" signature="Aftermethod()[pri:0, instance:org.main.TS_024@6497b078]" started-at="2025-05-11T17:52:08 IST" name="Aftermethod" finished-at="2025-05-11T17:52:08 IST" duration-ms="278" status="PASS">
          <reporter-output>
          </reporter-output>
        </test-method> <!-- Aftermethod -->
      </class> <!-- org.main.TS_024 -->
      <class name="org.main.TS_002">
        <test-method is-config="true" signature="BeforeMethod()[pri:0, instance:org.main.TS_002@236e3f4e]" started-at="2025-05-11T17:45:38 IST" name="BeforeMethod" finished-at="2025-05-11T17:45:46 IST" duration-ms="8270" status="PASS">
          <reporter-output>
          </reporter-output>
        </test-method> <!-- BeforeMethod -->
        <test-method is-config="true" signature="moduleDetails()[pri:0, instance:org.main.TS_002@236e3f4e]" started-at="2025-05-11T17:45:38 IST" name="moduleDetails" finished-at="2025-05-11T17:45:38 IST" duration-ms="0" status="PASS">
          <reporter-output>
          </reporter-output>
        </test-method> <!-- moduleDetails -->
        <test-method signature="tc_003()[pri:0, instance:org.main.TS_002@236e3f4e]" started-at="2025-05-11T17:45:46 IST" name="tc_003" finished-at="2025-05-11T17:45:47 IST" duration-ms="119" status="PASS">
          <reporter-output>
          </reporter-output>
        </test-method> <!-- tc_003 -->
        <test-method is-config="true" signature="Aftermethod()[pri:0, instance:org.main.TS_002@236e3f4e]" started-at="2025-05-11T17:45:47 IST" name="Aftermethod" finished-at="2025-05-11T17:45:47 IST" duration-ms="303" status="PASS">
          <reporter-output>
          </reporter-output>
        </test-method> <!-- Aftermethod -->
        <test-method is-config="true" signature="BeforeMethod()[pri:0, instance:org.main.TS_002@236e3f4e]" started-at="2025-05-11T17:45:47 IST" name="BeforeMethod" finished-at="2025-05-11T17:45:55 IST" duration-ms="8331" status="PASS">
          <reporter-output>
          </reporter-output>
        </test-method> <!-- BeforeMethod -->
        <test-method signature="tc_004()[pri:0, instance:org.main.TS_002@236e3f4e]" started-at="2025-05-11T17:45:55 IST" name="tc_004" finished-at="2025-05-11T17:45:55 IST" duration-ms="125" status="PASS">
          <reporter-output>
          </reporter-output>
        </test-method> <!-- tc_004 -->
        <test-method is-config="true" signature="Aftermethod()[pri:0, instance:org.main.TS_002@236e3f4e]" started-at="2025-05-11T17:45:55 IST" name="Aftermethod" finished-at="2025-05-11T17:45:56 IST" duration-ms="326" status="PASS">
          <reporter-output>
          </reporter-output>
        </test-method> <!-- Aftermethod -->
        <test-method is-config="true" signature="BeforeMethod()[pri:0, instance:org.main.TS_002@236e3f4e]" started-at="2025-05-11T17:45:56 IST" name="BeforeMethod" finished-at="2025-05-11T17:46:04 IST" duration-ms="8236" status="PASS">
          <reporter-output>
          </reporter-output>
        </test-method> <!-- BeforeMethod -->
        <test-method signature="tc_005()[pri:0, instance:org.main.TS_002@236e3f4e]" started-at="2025-05-11T17:46:04 IST" name="tc_005" finished-at="2025-05-11T17:46:04 IST" duration-ms="200" status="PASS">
          <reporter-output>
          </reporter-output>
        </test-method> <!-- tc_005 -->
        <test-method is-config="true" signature="Aftermethod()[pri:0, instance:org.main.TS_002@236e3f4e]" started-at="2025-05-11T17:46:04 IST" name="Aftermethod" finished-at="2025-05-11T17:46:04 IST" duration-ms="323" status="PASS">
          <reporter-output>
          </reporter-output>
        </test-method> <!-- Aftermethod -->
        <test-method is-config="true" signature="BeforeMethod()[pri:0, instance:org.main.TS_002@236e3f4e]" started-at="2025-05-11T17:46:04 IST" name="BeforeMethod" finished-at="2025-05-11T17:46:13 IST" duration-ms="8406" status="PASS">
          <reporter-output>
          </reporter-output>
        </test-method> <!-- BeforeMethod -->
        <test-method signature="tc_006()[pri:0, instance:org.main.TS_002@236e3f4e]" started-at="2025-05-11T17:46:13 IST" name="tc_006" finished-at="2025-05-11T17:46:18 IST" duration-ms="4966" status="PASS">
          <reporter-output>
          </reporter-output>
        </test-method> <!-- tc_006 -->
        <test-method is-config="true" signature="Aftermethod()[pri:0, instance:org.main.TS_002@236e3f4e]" started-at="2025-05-11T17:46:18 IST" name="Aftermethod" finished-at="2025-05-11T17:46:18 IST" duration-ms="463" status="PASS">
          <reporter-output>
          </reporter-output>
        </test-method> <!-- Aftermethod -->
        <test-method is-config="true" signature="BeforeMethod()[pri:0, instance:org.main.TS_002@236e3f4e]" started-at="2025-05-11T17:46:18 IST" name="BeforeMethod" finished-at="2025-05-11T17:46:26 IST" duration-ms="8084" status="PASS">
          <reporter-output>
          </reporter-output>
        </test-method> <!-- BeforeMethod -->
        <test-method signature="tc_007()[pri:0, instance:org.main.TS_002@236e3f4e]" started-at="2025-05-11T17:46:26 IST" name="tc_007" finished-at="2025-05-11T17:46:28 IST" duration-ms="1417" status="PASS">
          <reporter-output>
          </reporter-output>
        </test-method> <!-- tc_007 -->
        <test-method is-config="true" signature="Aftermethod()[pri:0, instance:org.main.TS_002@236e3f4e]" started-at="2025-05-11T17:46:28 IST" name="Aftermethod" finished-at="2025-05-11T17:46:28 IST" duration-ms="367" status="PASS">
          <reporter-output>
          </reporter-output>
        </test-method> <!-- Aftermethod -->
      </class> <!-- org.main.TS_002 -->
      <class name="org.main.TS_003">
        <test-method is-config="true" signature="moduleDetails()[pri:0, instance:org.main.TS_003@3cc1435c]" started-at="2025-05-11T17:46:28 IST" name="moduleDetails" finished-at="2025-05-11T17:46:28 IST" duration-ms="0" status="PASS">
          <reporter-output>
          </reporter-output>
        </test-method> <!-- moduleDetails -->
        <test-method is-config="true" signature="BeforeMethod()[pri:0, instance:org.main.TS_003@3cc1435c]" started-at="2025-05-11T17:46:28 IST" name="BeforeMethod" finished-at="2025-05-11T17:46:37 IST" duration-ms="8538" status="PASS">
          <reporter-output>
          </reporter-output>
        </test-method> <!-- BeforeMethod -->
        <test-method signature="tc_008()[pri:0, instance:org.main.TS_003@3cc1435c]" started-at="2025-05-11T17:46:37 IST" name="tc_008" finished-at="2025-05-11T17:46:37 IST" duration-ms="57" status="PASS">
          <reporter-output>
          </reporter-output>
        </test-method> <!-- tc_008 -->
        <test-method is-config="true" signature="Aftermethod()[pri:0, instance:org.main.TS_003@3cc1435c]" started-at="2025-05-11T17:46:37 IST" name="Aftermethod" finished-at="2025-05-11T17:46:37 IST" duration-ms="354" status="PASS">
          <reporter-output>
          </reporter-output>
        </test-method> <!-- Aftermethod -->
        <test-method is-config="true" signature="BeforeMethod()[pri:0, instance:org.main.TS_003@3cc1435c]" started-at="2025-05-11T17:46:37 IST" name="BeforeMethod" finished-at="2025-05-11T17:46:46 IST" duration-ms="9165" status="PASS">
          <reporter-output>
          </reporter-output>
        </test-method> <!-- BeforeMethod -->
        <test-method signature="tc_009()[pri:0, instance:org.main.TS_003@3cc1435c]" started-at="2025-05-11T17:46:46 IST" name="tc_009" finished-at="2025-05-11T17:46:46 IST" duration-ms="41" status="PASS">
          <reporter-output>
          </reporter-output>
        </test-method> <!-- tc_009 -->
        <test-method is-config="true" signature="Aftermethod()[pri:0, instance:org.main.TS_003@3cc1435c]" started-at="2025-05-11T17:46:46 IST" name="Aftermethod" finished-at="2025-05-11T17:46:47 IST" duration-ms="289" status="PASS">
          <reporter-output>
          </reporter-output>
        </test-method> <!-- Aftermethod -->
      </class> <!-- org.main.TS_003 -->
      <class name="org.main.TS_026">
        <test-method is-config="true" signature="moduleDetails()[pri:0, instance:org.main.TS_026@41c2284a]" started-at="2025-05-11T17:52:08 IST" name="moduleDetails" finished-at="2025-05-11T17:52:08 IST" duration-ms="1" status="PASS">
          <reporter-output>
          </reporter-output>
        </test-method> <!-- moduleDetails -->
        <test-method is-config="true" signature="BeforeMethod()[pri:0, instance:org.main.TS_026@41c2284a]" started-at="2025-05-11T17:52:08 IST" name="BeforeMethod" finished-at="2025-05-11T17:52:11 IST" duration-ms="3412" status="PASS">
          <reporter-output>
          </reporter-output>
        </test-method> <!-- BeforeMethod -->
        <test-method signature="tc_080()[pri:1, instance:org.main.TS_026@41c2284a]" started-at="2025-05-11T17:52:11 IST" name="tc_080" finished-at="2025-05-11T17:52:13 IST" duration-ms="1823" status="PASS">
          <reporter-output>
          </reporter-output>
        </test-method> <!-- tc_080 -->
        <test-method is-config="true" signature="Aftermethod()[pri:0, instance:org.main.TS_026@41c2284a]" started-at="2025-05-11T17:52:13 IST" name="Aftermethod" finished-at="2025-05-11T17:52:14 IST" duration-ms="335" status="PASS">
          <reporter-output>
          </reporter-output>
        </test-method> <!-- Aftermethod -->
        <test-method is-config="true" signature="BeforeMethod()[pri:0, instance:org.main.TS_026@41c2284a]" started-at="2025-05-11T17:52:14 IST" name="BeforeMethod" finished-at="2025-05-11T17:52:17 IST" duration-ms="3105" status="PASS">
          <reporter-output>
          </reporter-output>
        </test-method> <!-- BeforeMethod -->
        <test-method signature="tc_081()[pri:2, instance:org.main.TS_026@41c2284a]" started-at="2025-05-11T17:52:17 IST" name="tc_081" finished-at="2025-05-11T17:52:20 IST" duration-ms="2936" status="PASS">
          <reporter-output>
          </reporter-output>
        </test-method> <!-- tc_081 -->
        <test-method is-config="true" signature="Aftermethod()[pri:0, instance:org.main.TS_026@41c2284a]" started-at="2025-05-11T17:52:20 IST" name="Aftermethod" finished-at="2025-05-11T17:52:20 IST" duration-ms="301" status="PASS">
          <reporter-output>
          </reporter-output>
        </test-method> <!-- Aftermethod -->
      </class> <!-- org.main.TS_026 -->
      <class name="org.main.TS_004">
        <test-method is-config="true" signature="moduleDetails()[pri:0, instance:org.main.TS_004@6bf0219d]" started-at="2025-05-11T17:46:47 IST" name="moduleDetails" finished-at="2025-05-11T17:46:47 IST" duration-ms="0" status="PASS">
          <reporter-output>
          </reporter-output>
        </test-method> <!-- moduleDetails -->
        <test-method is-config="true" signature="BeforeMethod()[pri:0, instance:org.main.TS_004@6bf0219d]" started-at="2025-05-11T17:46:47 IST" name="BeforeMethod" finished-at="2025-05-11T17:46:55 IST" duration-ms="8454" status="PASS">
          <reporter-output>
          </reporter-output>
        </test-method> <!-- BeforeMethod -->
        <test-method signature="tc_010()[pri:0, instance:org.main.TS_004@6bf0219d]" started-at="2025-05-11T17:46:55 IST" name="tc_010" finished-at="2025-05-11T17:46:55 IST" duration-ms="160" status="PASS">
          <reporter-output>
          </reporter-output>
        </test-method> <!-- tc_010 -->
        <test-method is-config="true" signature="Aftermethod()[pri:0, instance:org.main.TS_004@6bf0219d]" started-at="2025-05-11T17:46:55 IST" name="Aftermethod" finished-at="2025-05-11T17:46:56 IST" duration-ms="344" status="PASS">
          <reporter-output>
          </reporter-output>
        </test-method> <!-- Aftermethod -->
        <test-method is-config="true" signature="BeforeMethod()[pri:0, instance:org.main.TS_004@6bf0219d]" started-at="2025-05-11T17:46:56 IST" name="BeforeMethod" finished-at="2025-05-11T17:47:05 IST" duration-ms="9173" status="PASS">
          <reporter-output>
          </reporter-output>
        </test-method> <!-- BeforeMethod -->
        <test-method signature="tc_011()[pri:0, instance:org.main.TS_004@6bf0219d]" started-at="2025-05-11T17:47:05 IST" name="tc_011" finished-at="2025-05-11T17:47:05 IST" duration-ms="157" status="PASS">
          <reporter-output>
          </reporter-output>
        </test-method> <!-- tc_011 -->
        <test-method is-config="true" signature="Aftermethod()[pri:0, instance:org.main.TS_004@6bf0219d]" started-at="2025-05-11T17:47:05 IST" name="Aftermethod" finished-at="2025-05-11T17:47:05 IST" duration-ms="342" status="PASS">
          <reporter-output>
          </reporter-output>
        </test-method> <!-- Aftermethod -->
        <test-method is-config="true" signature="BeforeMethod()[pri:0, instance:org.main.TS_004@6bf0219d]" started-at="2025-05-11T17:47:05 IST" name="BeforeMethod" finished-at="2025-05-11T17:47:13 IST" duration-ms="7916" status="PASS">
          <reporter-output>
          </reporter-output>
        </test-method> <!-- BeforeMethod -->
        <test-method signature="tc_012()[pri:0, instance:org.main.TS_004@6bf0219d]" started-at="2025-05-11T17:47:13 IST" name="tc_012" finished-at="2025-05-11T17:47:13 IST" duration-ms="164" status="PASS">
          <reporter-output>
          </reporter-output>
        </test-method> <!-- tc_012 -->
        <test-method is-config="true" signature="Aftermethod()[pri:0, instance:org.main.TS_004@6bf0219d]" started-at="2025-05-11T17:47:13 IST" name="Aftermethod" finished-at="2025-05-11T17:47:14 IST" duration-ms="309" status="PASS">
          <reporter-output>
          </reporter-output>
        </test-method> <!-- Aftermethod -->
        <test-method is-config="true" signature="BeforeMethod()[pri:0, instance:org.main.TS_004@6bf0219d]" started-at="2025-05-11T17:47:14 IST" name="BeforeMethod" finished-at="2025-05-11T17:47:22 IST" duration-ms="8377" status="PASS">
          <reporter-output>
          </reporter-output>
        </test-method> <!-- BeforeMethod -->
        <test-method signature="tc_013()[pri:0, instance:org.main.TS_004@6bf0219d]" started-at="2025-05-11T17:47:22 IST" name="tc_013" finished-at="2025-05-11T17:47:27 IST" duration-ms="4955" status="PASS">
          <reporter-output>
          </reporter-output>
        </test-method> <!-- tc_013 -->
        <test-method is-config="true" signature="Aftermethod()[pri:0, instance:org.main.TS_004@6bf0219d]" started-at="2025-05-11T17:47:27 IST" name="Aftermethod" finished-at="2025-05-11T17:47:27 IST" duration-ms="483" status="PASS">
          <reporter-output>
          </reporter-output>
        </test-method> <!-- Aftermethod -->
        <test-method is-config="true" signature="BeforeMethod()[pri:0, instance:org.main.TS_004@6bf0219d]" started-at="2025-05-11T17:47:27 IST" name="BeforeMethod" finished-at="2025-05-11T17:47:35 IST" duration-ms="7434" status="PASS">
          <reporter-output>
          </reporter-output>
        </test-method> <!-- BeforeMethod -->
        <test-method signature="tc_014()[pri:0, instance:org.main.TS_004@6bf0219d]" started-at="2025-05-11T17:47:35 IST" name="tc_014" finished-at="2025-05-11T17:47:37 IST" duration-ms="2329" status="PASS">
          <reporter-output>
          </reporter-output>
        </test-method> <!-- tc_014 -->
        <test-method is-config="true" signature="Aftermethod()[pri:0, instance:org.main.TS_004@6bf0219d]" started-at="2025-05-11T17:47:37 IST" name="Aftermethod" finished-at="2025-05-11T17:47:38 IST" duration-ms="355" status="PASS">
          <reporter-output>
          </reporter-output>
        </test-method> <!-- Aftermethod -->
      </class> <!-- org.main.TS_004 -->
      <class name="org.main.TS_042">
        <test-method is-config="true" signature="moduleDetails()[pri:0, instance:org.main.TS_042@2525ff7e]" started-at="2025-05-11T17:54:21 IST" name="moduleDetails" finished-at="2025-05-11T17:54:21 IST" duration-ms="1" status="PASS">
          <reporter-output>
          </reporter-output>
        </test-method> <!-- moduleDetails -->
        <test-method is-config="true" signature="BeforeMethod()[pri:0, instance:org.main.TS_042@2525ff7e]" started-at="2025-05-11T17:54:21 IST" name="BeforeMethod" finished-at="2025-05-11T17:54:24 IST" duration-ms="3347" status="PASS">
          <reporter-output>
          </reporter-output>
        </test-method> <!-- BeforeMethod -->
        <test-method signature="tc_133()[pri:0, instance:org.main.TS_042@2525ff7e]" started-at="2025-05-11T17:54:24 IST" name="tc_133" finished-at="2025-05-11T17:54:28 IST" duration-ms="3919" status="PASS">
          <reporter-output>
          </reporter-output>
        </test-method> <!-- tc_133 -->
        <test-method is-config="true" signature="Aftermethod()[pri:0, instance:org.main.TS_042@2525ff7e]" started-at="2025-05-11T17:54:28 IST" name="Aftermethod" finished-at="2025-05-11T17:54:29 IST" duration-ms="325" status="PASS">
          <reporter-output>
          </reporter-output>
        </test-method> <!-- Aftermethod -->
        <test-method is-config="true" signature="BeforeMethod()[pri:0, instance:org.main.TS_042@2525ff7e]" started-at="2025-05-11T17:54:29 IST" name="BeforeMethod" finished-at="2025-05-11T17:54:32 IST" duration-ms="3182" status="PASS">
          <reporter-output>
          </reporter-output>
        </test-method> <!-- BeforeMethod -->
        <test-method signature="tc_134()[pri:0, instance:org.main.TS_042@2525ff7e]" started-at="2025-05-11T17:54:32 IST" name="tc_134" finished-at="2025-05-11T17:54:33 IST" duration-ms="1251" status="PASS">
          <reporter-output>
          </reporter-output>
        </test-method> <!-- tc_134 -->
        <test-method is-config="true" signature="Aftermethod()[pri:0, instance:org.main.TS_042@2525ff7e]" started-at="2025-05-11T17:54:33 IST" name="Aftermethod" finished-at="2025-05-11T17:54:33 IST" duration-ms="304" status="PASS">
          <reporter-output>
          </reporter-output>
        </test-method> <!-- Aftermethod -->
      </class> <!-- org.main.TS_042 -->
      <class name="org.main.TS_020">
        <test-method is-config="true" signature="BeforeMethod()[pri:0, instance:org.main.TS_020@c03cf28]" started-at="2025-05-11T17:51:23 IST" name="BeforeMethod" finished-at="2025-05-11T17:51:26 IST" duration-ms="3360" status="PASS">
          <reporter-output>
          </reporter-output>
        </test-method> <!-- BeforeMethod -->
        <test-method is-config="true" signature="moduleDetails()[pri:0, instance:org.main.TS_020@c03cf28]" started-at="2025-05-11T17:51:23 IST" name="moduleDetails" finished-at="2025-05-11T17:51:23 IST" duration-ms="0" status="PASS">
          <reporter-output>
          </reporter-output>
        </test-method> <!-- moduleDetails -->
        <test-method signature="tc_059()[pri:1, instance:org.main.TS_020@c03cf28]" started-at="2025-05-11T17:51:26 IST" name="tc_059" finished-at="2025-05-11T17:51:28 IST" duration-ms="1555" status="PASS">
          <reporter-output>
          </reporter-output>
        </test-method> <!-- tc_059 -->
        <test-method is-config="true" signature="Aftermethod()[pri:0, instance:org.main.TS_020@c03cf28]" started-at="2025-05-11T17:51:28 IST" name="Aftermethod" finished-at="2025-05-11T17:51:28 IST" duration-ms="301" status="PASS">
          <reporter-output>
          </reporter-output>
        </test-method> <!-- Aftermethod -->
        <test-method is-config="true" signature="BeforeMethod()[pri:0, instance:org.main.TS_020@c03cf28]" started-at="2025-05-11T17:51:28 IST" name="BeforeMethod" finished-at="2025-05-11T17:51:31 IST" duration-ms="3282" status="PASS">
          <reporter-output>
          </reporter-output>
        </test-method> <!-- BeforeMethod -->
        <test-method signature="tc_060()[pri:2, instance:org.main.TS_020@c03cf28]" started-at="2025-05-11T17:51:31 IST" name="tc_060" finished-at="2025-05-11T17:51:33 IST" duration-ms="1376" status="PASS">
          <reporter-output>
          </reporter-output>
        </test-method> <!-- tc_060 -->
        <test-method is-config="true" signature="Aftermethod()[pri:0, instance:org.main.TS_020@c03cf28]" started-at="2025-05-11T17:51:33 IST" name="Aftermethod" finished-at="2025-05-11T17:51:33 IST" duration-ms="309" status="PASS">
          <reporter-output>
          </reporter-output>
        </test-method> <!-- Aftermethod -->
        <test-method is-config="true" signature="BeforeMethod()[pri:0, instance:org.main.TS_020@c03cf28]" started-at="2025-05-11T17:51:33 IST" name="BeforeMethod" finished-at="2025-05-11T17:51:37 IST" duration-ms="3669" status="PASS">
          <reporter-output>
          </reporter-output>
        </test-method> <!-- BeforeMethod -->
        <test-method signature="tc_061()[pri:3, instance:org.main.TS_020@c03cf28]" started-at="2025-05-11T17:51:37 IST" name="tc_061" finished-at="2025-05-11T17:51:38 IST" duration-ms="1436" status="PASS">
          <reporter-output>
          </reporter-output>
        </test-method> <!-- tc_061 -->
        <test-method is-config="true" signature="Aftermethod()[pri:0, instance:org.main.TS_020@c03cf28]" started-at="2025-05-11T17:51:38 IST" name="Aftermethod" finished-at="2025-05-11T17:51:38 IST" duration-ms="286" status="PASS">
          <reporter-output>
          </reporter-output>
        </test-method> <!-- Aftermethod -->
      </class> <!-- org.main.TS_020 -->
      <class name="org.main.TS_044">
        <test-method is-config="true" signature="BeforeMethod()[pri:0, instance:org.main.TS_044@524d6d96]" started-at="2025-05-11T17:54:33 IST" name="BeforeMethod" finished-at="2025-05-11T17:54:38 IST" duration-ms="4378" status="PASS">
          <reporter-output>
          </reporter-output>
        </test-method> <!-- BeforeMethod -->
        <test-method is-config="true" signature="moduleDetails()[pri:0, instance:org.main.TS_044@524d6d96]" started-at="2025-05-11T17:54:33 IST" name="moduleDetails" finished-at="2025-05-11T17:54:33 IST" duration-ms="0" status="PASS">
          <reporter-output>
          </reporter-output>
        </test-method> <!-- moduleDetails -->
        <test-method signature="tc_140()[pri:0, instance:org.main.TS_044@524d6d96]" started-at="2025-05-11T17:54:38 IST" name="tc_140" finished-at="2025-05-11T17:54:51 IST" duration-ms="12992" status="PASS">
          <reporter-output>
          </reporter-output>
        </test-method> <!-- tc_140 -->
        <test-method is-config="true" signature="Aftermethod()[pri:0, instance:org.main.TS_044@524d6d96]" started-at="2025-05-11T17:54:51 IST" name="Aftermethod" finished-at="2025-05-11T17:54:51 IST" duration-ms="364" status="PASS">
          <reporter-output>
          </reporter-output>
        </test-method> <!-- Aftermethod -->
        <test-method is-config="true" signature="BeforeMethod()[pri:0, instance:org.main.TS_044@524d6d96]" started-at="2025-05-11T17:54:51 IST" name="BeforeMethod" finished-at="2025-05-11T17:54:54 IST" duration-ms="3148" status="PASS">
          <reporter-output>
          </reporter-output>
        </test-method> <!-- BeforeMethod -->
        <test-method signature="tc_141()[pri:0, instance:org.main.TS_044@524d6d96]" started-at="2025-05-11T17:54:54 IST" name="tc_141" finished-at="2025-05-11T17:54:58 IST" duration-ms="3465" status="PASS">
          <reporter-output>
          </reporter-output>
        </test-method> <!-- tc_141 -->
        <test-method is-config="true" signature="Aftermethod()[pri:0, instance:org.main.TS_044@524d6d96]" started-at="2025-05-11T17:54:58 IST" name="Aftermethod" finished-at="2025-05-11T17:54:58 IST" duration-ms="310" status="PASS">
          <reporter-output>
          </reporter-output>
        </test-method> <!-- Aftermethod -->
        <test-method is-config="true" signature="BeforeMethod()[pri:0, instance:org.main.TS_044@524d6d96]" started-at="2025-05-11T17:54:58 IST" name="BeforeMethod" finished-at="2025-05-11T17:55:01 IST" duration-ms="3298" status="PASS">
          <reporter-output>
          </reporter-output>
        </test-method> <!-- BeforeMethod -->
        <test-method signature="tc_142()[pri:0, instance:org.main.TS_044@524d6d96]" started-at="2025-05-11T17:55:01 IST" name="tc_142" finished-at="2025-05-11T17:55:14 IST" duration-ms="12711" status="PASS">
          <reporter-output>
          </reporter-output>
        </test-method> <!-- tc_142 -->
        <test-method is-config="true" signature="Aftermethod()[pri:0, instance:org.main.TS_044@524d6d96]" started-at="2025-05-11T17:55:14 IST" name="Aftermethod" finished-at="2025-05-11T17:55:14 IST" duration-ms="315" status="PASS">
          <reporter-output>
          </reporter-output>
        </test-method> <!-- Aftermethod -->
      </class> <!-- org.main.TS_044 -->
      <class name="org.main.TS_022">
        <test-method is-config="true" signature="BeforeMethod()[pri:0, instance:org.main.TS_022@1329eff]" started-at="2025-05-11T17:51:38 IST" name="BeforeMethod" finished-at="2025-05-11T17:51:42 IST" duration-ms="3376" status="PASS">
          <reporter-output>
          </reporter-output>
        </test-method> <!-- BeforeMethod -->
        <test-method is-config="true" signature="moduleDetails()[pri:0, instance:org.main.TS_022@1329eff]" started-at="2025-05-11T17:51:38 IST" name="moduleDetails" finished-at="2025-05-11T17:51:38 IST" duration-ms="0" status="PASS">
          <reporter-output>
          </reporter-output>
        </test-method> <!-- moduleDetails -->
        <test-method signature="tc_067()[pri:1, instance:org.main.TS_022@1329eff]" started-at="2025-05-11T17:51:42 IST" name="tc_067" finished-at="2025-05-11T17:51:43 IST" duration-ms="1333" status="PASS">
          <reporter-output>
          </reporter-output>
        </test-method> <!-- tc_067 -->
        <test-method is-config="true" signature="Aftermethod()[pri:0, instance:org.main.TS_022@1329eff]" started-at="2025-05-11T17:51:43 IST" name="Aftermethod" finished-at="2025-05-11T17:51:43 IST" duration-ms="309" status="PASS">
          <reporter-output>
          </reporter-output>
        </test-method> <!-- Aftermethod -->
        <test-method is-config="true" signature="BeforeMethod()[pri:0, instance:org.main.TS_022@1329eff]" started-at="2025-05-11T17:51:43 IST" name="BeforeMethod" finished-at="2025-05-11T17:51:47 IST" duration-ms="3353" status="PASS">
          <reporter-output>
          </reporter-output>
        </test-method> <!-- BeforeMethod -->
        <test-method signature="tc_068()[pri:2, instance:org.main.TS_022@1329eff]" started-at="2025-05-11T17:51:47 IST" name="tc_068" finished-at="2025-05-11T17:51:48 IST" duration-ms="1521" status="PASS">
          <reporter-output>
          </reporter-output>
        </test-method> <!-- tc_068 -->
        <test-method is-config="true" signature="Aftermethod()[pri:0, instance:org.main.TS_022@1329eff]" started-at="2025-05-11T17:51:48 IST" name="Aftermethod" finished-at="2025-05-11T17:51:48 IST" duration-ms="298" status="PASS">
          <reporter-output>
          </reporter-output>
        </test-method> <!-- Aftermethod -->
        <test-method is-config="true" signature="BeforeMethod()[pri:0, instance:org.main.TS_022@1329eff]" started-at="2025-05-11T17:51:48 IST" name="BeforeMethod" finished-at="2025-05-11T17:51:52 IST" duration-ms="3905" status="PASS">
          <reporter-output>
          </reporter-output>
        </test-method> <!-- BeforeMethod -->
        <test-method signature="tc_069()[pri:3, instance:org.main.TS_022@1329eff]" started-at="2025-05-11T17:51:52 IST" name="tc_069" finished-at="2025-05-11T17:51:54 IST" duration-ms="1652" status="PASS">
          <reporter-output>
          </reporter-output>
        </test-method> <!-- tc_069 -->
        <test-method is-config="true" signature="Aftermethod()[pri:0, instance:org.main.TS_022@1329eff]" started-at="2025-05-11T17:51:54 IST" name="Aftermethod" finished-at="2025-05-11T17:51:54 IST" duration-ms="303" status="PASS">
          <reporter-output>
          </reporter-output>
        </test-method> <!-- Aftermethod -->
      </class> <!-- org.main.TS_022 -->
    </test> <!-- Test -->
  </suite> <!-- Suite -->
</testng-results>
